{"/home/travis/build/npmtest/node-npmtest-bull/test.js":{"path":"/home/travis/build/npmtest/node-npmtest-bull/test.js","s":{"1":2,"2":2,"3":2,"4":2,"5":2,"6":2,"7":2,"8":1,"9":2,"10":2,"11":1,"12":1,"13":1,"14":1,"15":2,"16":2,"17":2,"18":2,"19":1,"20":1,"21":2,"22":2,"23":2,"24":1,"25":1,"26":1,"27":1,"28":1,"29":1,"30":1,"31":1,"32":1,"33":1,"34":1,"35":1,"36":1,"37":2,"38":2,"39":1,"40":2,"41":2,"42":1,"43":2,"44":2,"45":1,"46":2,"47":2,"48":1,"49":1,"50":1,"51":1,"52":1},"b":{"1":[2,1,1,1],"2":[1,1,1,1],"3":[1,1],"4":[1,1],"5":[1,1],"6":[1,1],"7":[1,1],"8":[1,1],"9":[1,1,1],"10":[1,1],"11":[1,1],"12":[1,1],"13":[1,1],"14":[1,1],"15":[1,1],"16":[1,1]},"f":{"1":2,"2":2,"3":2,"4":2,"5":2,"6":1,"7":1,"8":2,"9":2,"10":2,"11":2,"12":1},"fnMap":{"1":{"name":"(anonymous_1)","line":12,"loc":{"start":{"line":12,"column":1},"end":{"line":12,"column":13}}},"2":{"name":"(anonymous_2)","line":19,"loc":{"start":{"line":19,"column":5},"end":{"line":19,"column":17}}},"3":{"name":"(anonymous_3)","line":23,"loc":{"start":{"line":23,"column":24},"end":{"line":23,"column":36}}},"4":{"name":"(anonymous_4)","line":61,"loc":{"start":{"line":61,"column":5},"end":{"line":61,"column":17}}},"5":{"name":"(anonymous_5)","line":82,"loc":{"start":{"line":82,"column":5},"end":{"line":82,"column":17}}},"6":{"name":"(anonymous_6)","line":102,"loc":{"start":{"line":102,"column":83},"end":{"line":105,"column":10}},"skip":true},"7":{"name":"(anonymous_7)","line":113,"loc":{"start":{"line":113,"column":77},"end":{"line":116,"column":10}},"skip":true},"8":{"name":"(anonymous_8)","line":129,"loc":{"start":{"line":129,"column":12},"end":{"line":129,"column":40}},"skip":true},"9":{"name":"(anonymous_9)","line":137,"loc":{"start":{"line":137,"column":77},"end":{"line":140,"column":10}},"skip":true},"10":{"name":"(anonymous_10)","line":148,"loc":{"start":{"line":148,"column":83},"end":{"line":151,"column":10}},"skip":true},"11":{"name":"(anonymous_11)","line":159,"loc":{"start":{"line":159,"column":79},"end":{"line":162,"column":10}},"skip":true},"12":{"name":"(anonymous_12)","line":170,"loc":{"start":{"line":170,"column":75},"end":{"line":173,"column":10}},"skip":true}},"statementMap":{"1":{"start":{"line":12,"column":0},"end":{"line":185,"column":5}},"2":{"start":{"line":14,"column":4},"end":{"line":14,"column":14}},"3":{"start":{"line":19,"column":4},"end":{"line":56,"column":9}},"4":{"start":{"line":21,"column":8},"end":{"line":21,"column":19}},"5":{"start":{"line":23,"column":8},"end":{"line":35,"column":13}},"6":{"start":{"line":24,"column":12},"end":{"line":34,"column":13}},"7":{"start":{"line":25,"column":16},"end":{"line":28,"column":30}},"8":{"start":{"line":30,"column":16},"end":{"line":33,"column":27}},"9":{"start":{"line":37,"column":8},"end":{"line":39,"column":21}},"10":{"start":{"line":40,"column":8},"end":{"line":53,"column":9}},"11":{"start":{"line":43,"column":12},"end":{"line":46,"column":14}},"12":{"start":{"line":47,"column":12},"end":{"line":47,"column":18}},"13":{"start":{"line":50,"column":12},"end":{"line":51,"column":46}},"14":{"start":{"line":52,"column":12},"end":{"line":52,"column":18}},"15":{"start":{"line":55,"column":8},"end":{"line":55,"column":35}},"16":{"start":{"line":61,"column":4},"end":{"line":63,"column":9}},"17":{"start":{"line":62,"column":8},"end":{"line":62,"column":15}},"18":{"start":{"line":64,"column":4},"end":{"line":77,"column":5}},"19":{"start":{"line":70,"column":8},"end":{"line":70,"column":14}},"20":{"start":{"line":76,"column":8},"end":{"line":76,"column":14}},"21":{"start":{"line":82,"column":4},"end":{"line":84,"column":9}},"22":{"start":{"line":83,"column":8},"end":{"line":83,"column":15}},"23":{"start":{"line":85,"column":4},"end":{"line":184,"column":5}},"24":{"start":{"line":92,"column":8},"end":{"line":94,"column":63}},"25":{"start":{"line":95,"column":8},"end":{"line":95,"column":14}},"26":{"start":{"line":102,"column":8},"end":{"line":111,"column":10},"skip":true},"27":{"start":{"line":109,"column":12},"end":{"line":109,"column":55},"skip":true},"28":{"start":{"line":110,"column":12},"end":{"line":110,"column":48},"skip":true},"29":{"start":{"line":113,"column":8},"end":{"line":126,"column":10},"skip":true},"30":{"start":{"line":120,"column":12},"end":{"line":120,"column":76},"skip":true},"31":{"start":{"line":121,"column":12},"end":{"line":121,"column":73},"skip":true},"32":{"start":{"line":122,"column":12},"end":{"line":122,"column":74},"skip":true},"33":{"start":{"line":123,"column":12},"end":{"line":123,"column":79},"skip":true},"34":{"start":{"line":124,"column":12},"end":{"line":124,"column":25},"skip":true},"35":{"start":{"line":125,"column":12},"end":{"line":125,"column":45},"skip":true},"36":{"start":{"line":128,"column":8},"end":{"line":135,"column":14},"skip":true},"37":{"start":{"line":133,"column":16},"end":{"line":133,"column":29},"skip":true},"38":{"start":{"line":134,"column":16},"end":{"line":134,"column":55},"skip":true},"39":{"start":{"line":137,"column":8},"end":{"line":146,"column":10},"skip":true},"40":{"start":{"line":144,"column":12},"end":{"line":144,"column":25},"skip":true},"41":{"start":{"line":145,"column":12},"end":{"line":145,"column":45},"skip":true},"42":{"start":{"line":148,"column":8},"end":{"line":157,"column":10},"skip":true},"43":{"start":{"line":155,"column":12},"end":{"line":155,"column":25},"skip":true},"44":{"start":{"line":156,"column":12},"end":{"line":156,"column":48},"skip":true},"45":{"start":{"line":159,"column":8},"end":{"line":168,"column":10},"skip":true},"46":{"start":{"line":166,"column":12},"end":{"line":166,"column":25},"skip":true},"47":{"start":{"line":167,"column":12},"end":{"line":167,"column":46},"skip":true},"48":{"start":{"line":170,"column":8},"end":{"line":179,"column":10},"skip":true},"49":{"start":{"line":177,"column":12},"end":{"line":177,"column":94},"skip":true},"50":{"start":{"line":178,"column":12},"end":{"line":178,"column":48},"skip":true},"51":{"start":{"line":182,"column":8},"end":{"line":182,"column":35},"skip":true},"52":{"start":{"line":183,"column":8},"end":{"line":183,"column":14},"skip":true}},"branchMap":{"1":{"line":25,"type":"binary-expr","locations":[{"start":{"line":25,"column":23},"end":{"line":25,"column":62}},{"start":{"line":26,"column":20},"end":{"line":26,"column":70}},{"start":{"line":27,"column":20},"end":{"line":27,"column":71}},{"start":{"line":28,"column":20},"end":{"line":28,"column":29}}]},"2":{"line":30,"type":"binary-expr","locations":[{"start":{"line":30,"column":23},"end":{"line":30,"column":37}},{"start":{"line":31,"column":20},"end":{"line":31,"column":61}},{"start":{"line":32,"column":20},"end":{"line":32,"column":70}},{"start":{"line":33,"column":20},"end":{"line":33,"column":26}}]},"3":{"line":37,"type":"cond-expr","locations":[{"start":{"line":38,"column":14},"end":{"line":38,"column":20}},{"start":{"line":39,"column":14},"end":{"line":39,"column":20}}]},"4":{"line":40,"type":"switch","locations":[{"start":{"line":42,"column":8},"end":{"line":47,"column":18}},{"start":{"line":49,"column":8},"end":{"line":52,"column":18}}]},"5":{"line":44,"type":"binary-expr","locations":[{"start":{"line":44,"column":16},"end":{"line":44,"column":44}},{"start":{"line":44,"column":48},"end":{"line":44,"column":66}}]},"6":{"line":50,"type":"binary-expr","locations":[{"start":{"line":50,"column":21},"end":{"line":50,"column":49}},{"start":{"line":50,"column":53},"end":{"line":50,"column":72}}]},"7":{"line":64,"type":"switch","locations":[{"start":{"line":69,"column":4},"end":{"line":70,"column":14}},{"start":{"line":75,"column":4},"end":{"line":76,"column":14}}]},"8":{"line":85,"type":"switch","locations":[{"start":{"line":90,"column":4},"end":{"line":95,"column":14}},{"start":{"line":101,"column":4},"end":{"line":183,"column":14},"skip":true}]},"9":{"line":92,"type":"binary-expr","locations":[{"start":{"line":92,"column":18},"end":{"line":92,"column":32}},{"start":{"line":93,"column":12},"end":{"line":93,"column":53}},{"start":{"line":94,"column":12},"end":{"line":94,"column":61}}]},"10":{"line":102,"type":"binary-expr","locations":[{"start":{"line":102,"column":45},"end":{"line":102,"column":79},"skip":true},{"start":{"line":102,"column":83},"end":{"line":111,"column":9},"skip":true}]},"11":{"line":113,"type":"binary-expr","locations":[{"start":{"line":113,"column":42},"end":{"line":113,"column":73},"skip":true},{"start":{"line":113,"column":77},"end":{"line":126,"column":9},"skip":true}]},"12":{"line":128,"type":"binary-expr","locations":[{"start":{"line":128,"column":48},"end":{"line":128,"column":85},"skip":true},{"start":{"line":129,"column":12},"end":{"line":135,"column":13},"skip":true}]},"13":{"line":137,"type":"binary-expr","locations":[{"start":{"line":137,"column":42},"end":{"line":137,"column":73},"skip":true},{"start":{"line":137,"column":77},"end":{"line":146,"column":9},"skip":true}]},"14":{"line":148,"type":"binary-expr","locations":[{"start":{"line":148,"column":45},"end":{"line":148,"column":79},"skip":true},{"start":{"line":148,"column":83},"end":{"line":157,"column":9},"skip":true}]},"15":{"line":159,"type":"binary-expr","locations":[{"start":{"line":159,"column":43},"end":{"line":159,"column":75},"skip":true},{"start":{"line":159,"column":79},"end":{"line":168,"column":9},"skip":true}]},"16":{"line":170,"type":"binary-expr","locations":[{"start":{"line":170,"column":41},"end":{"line":170,"column":71},"skip":true},{"start":{"line":170,"column":75},"end":{"line":179,"column":9},"skip":true}]}},"code":["/* istanbul instrument in package npmtest_bull */","/*jslint","    bitwise: true,","    browser: true,","    maxerr: 8,","    maxlen: 96,","    node: true,","    nomen: true,","    regexp: true,","    stupid: true","*/","(function () {","    'use strict';","    var local;","","","","    // run shared js-env code - pre-init","    (function () {","        // init local","        local = {};","        // init modeJs","        local.modeJs = (function () {","            try {","                return typeof navigator.userAgent === 'string' &&","                    typeof document.querySelector('body') === 'object' &&","                    typeof XMLHttpRequest.prototype.open === 'function' &&","                    'browser';","            } catch (errorCaughtBrowser) {","                return module.exports &&","                    typeof process.versions.node === 'string' &&","                    typeof require('http').createServer === 'function' &&","                    'node';","            }","        }());","        // init global","        local.global = local.modeJs === 'browser'","            ? window","            : global;","        switch (local.modeJs) {","        // re-init local from window.local","        case 'browser':","            local = local.global.utility2.objectSetDefault(","                local.global.utility2_rollup || local.global.local,","                local.global.utility2","            );","            break;","        // re-init local from example.js","        case 'node':","            local = (local.global.utility2_rollup || require('utility2'))","                .requireExampleJsFromReadme();","            break;","        }","        // export local","        local.global.local = local;","    }());","","","","    // run shared js-env code - function","    (function () {","        return;","    }());","    switch (local.modeJs) {","","","","    // run browser js-env code - function","    case 'browser':","        break;","","","","    // run node js-env code - function","    case 'node':","        break;","    }","","","","    // run shared js-env code - post-init","    (function () {","        return;","    }());","    switch (local.modeJs) {","","","","    // run browser js-env code - post-init","    case 'browser':","        // run tests","        local.nop(local.modeTest &&","            document.querySelector('#testRunButton1') &&","            document.querySelector('#testRunButton1').click());","        break;","","","","    // run node js-env code - post-init","    /* istanbul ignore next */","    case 'node':","        local.testCase_buildApidoc_default = local.testCase_buildApidoc_default || function (","            options,","            onError","        ) {","        /*","         * this function will test buildApidoc's default handling-behavior-behavior","         */","            options = { modulePathList: module.paths };","            local.buildApidoc(options, onError);","        };","","        local.testCase_buildApp_default = local.testCase_buildApp_default || function (","            options,","            onError","        ) {","        /*","         * this function will test buildApp's default handling-behavior-behavior","         */","            local.testCase_buildReadme_default(options, local.onErrorThrow);","            local.testCase_buildLib_default(options, local.onErrorThrow);","            local.testCase_buildTest_default(options, local.onErrorThrow);","            local.testCase_buildCustomOrg_default(options, local.onErrorThrow);","            options = [];","            local.buildApp(options, onError);","        };","","        local.testCase_buildCustomOrg_default = local.testCase_buildCustomOrg_default ||","            function (options, onError) {","            /*","             * this function will test buildCustomOrg's default handling-behavior","             */","                options = {};","                local.buildCustomOrg(options, onError);","            };","","        local.testCase_buildLib_default = local.testCase_buildLib_default || function (","            options,","            onError","        ) {","        /*","         * this function will test buildLib's default handling-behavior","         */","            options = {};","            local.buildLib(options, onError);","        };","","        local.testCase_buildReadme_default = local.testCase_buildReadme_default || function (","            options,","            onError","        ) {","        /*","         * this function will test buildReadme's default handling-behavior-behavior","         */","            options = {};","            local.buildReadme(options, onError);","        };","","        local.testCase_buildTest_default = local.testCase_buildTest_default || function (","            options,","            onError","        ) {","        /*","         * this function will test buildTest's default handling-behavior","         */","            options = {};","            local.buildTest(options, onError);","        };","","        local.testCase_webpage_default = local.testCase_webpage_default || function (","            options,","            onError","        ) {","        /*","         * this function will test webpage's default handling-behavior","         */","            options = { modeCoverageMerge: true, url: local.serverLocalHost + '?modeTest=1' };","            local.browserTest(options, onError);","        };","","        // run test-server","        local.testRunServer(local);","        break;","    }","}());",""],"l":{"12":2,"14":2,"19":2,"21":2,"23":2,"24":2,"25":2,"30":1,"37":2,"40":2,"43":1,"47":1,"50":1,"52":1,"55":2,"61":2,"62":2,"64":2,"70":1,"76":1,"82":2,"83":2,"85":2,"92":1,"95":1,"102":1,"109":1,"110":1,"113":1,"120":1,"121":1,"122":1,"123":1,"124":1,"125":1,"128":1,"133":2,"134":2,"137":1,"144":2,"145":2,"148":1,"155":2,"156":2,"159":1,"166":2,"167":2,"170":1,"177":1,"178":1,"182":1,"183":1}},"/home/travis/build/npmtest/node-npmtest-bull/lib.npmtest_bull.js":{"path":"/home/travis/build/npmtest/node-npmtest-bull/lib.npmtest_bull.js","s":{"1":2,"2":2,"3":2,"4":2,"5":2,"6":2,"7":2,"8":1,"9":2,"10":2,"11":2,"12":2,"13":1,"14":1,"15":1,"16":1},"b":{"1":[2,1,1,1],"2":[1,1,1,1],"3":[1,1],"4":[2,2],"5":[1,1]},"f":{"1":2,"2":2,"3":2},"fnMap":{"1":{"name":"(anonymous_1)","line":12,"loc":{"start":{"line":12,"column":1},"end":{"line":12,"column":13}}},"2":{"name":"(anonymous_2)","line":19,"loc":{"start":{"line":19,"column":5},"end":{"line":19,"column":17}}},"3":{"name":"(anonymous_3)","line":23,"loc":{"start":{"line":23,"column":24},"end":{"line":23,"column":36}}}},"statementMap":{"1":{"start":{"line":12,"column":0},"end":{"line":53,"column":5}},"2":{"start":{"line":14,"column":4},"end":{"line":14,"column":14}},"3":{"start":{"line":19,"column":4},"end":{"line":52,"column":9}},"4":{"start":{"line":21,"column":8},"end":{"line":21,"column":19}},"5":{"start":{"line":23,"column":8},"end":{"line":35,"column":13}},"6":{"start":{"line":24,"column":12},"end":{"line":34,"column":13}},"7":{"start":{"line":25,"column":16},"end":{"line":28,"column":30}},"8":{"start":{"line":30,"column":16},"end":{"line":33,"column":27}},"9":{"start":{"line":37,"column":8},"end":{"line":39,"column":21}},"10":{"start":{"line":41,"column":8},"end":{"line":41,"column":54}},"11":{"start":{"line":43,"column":8},"end":{"line":43,"column":49}},"12":{"start":{"line":45,"column":8},"end":{"line":51,"column":9}},"13":{"start":{"line":46,"column":12},"end":{"line":46,"column":55}},"14":{"start":{"line":48,"column":12},"end":{"line":48,"column":35}},"15":{"start":{"line":49,"column":12},"end":{"line":49,"column":49}},"16":{"start":{"line":50,"column":12},"end":{"line":50,"column":43}}},"branchMap":{"1":{"line":25,"type":"binary-expr","locations":[{"start":{"line":25,"column":23},"end":{"line":25,"column":62}},{"start":{"line":26,"column":20},"end":{"line":26,"column":70}},{"start":{"line":27,"column":20},"end":{"line":27,"column":71}},{"start":{"line":28,"column":20},"end":{"line":28,"column":29}}]},"2":{"line":30,"type":"binary-expr","locations":[{"start":{"line":30,"column":23},"end":{"line":30,"column":37}},{"start":{"line":31,"column":20},"end":{"line":31,"column":61}},{"start":{"line":32,"column":20},"end":{"line":32,"column":70}},{"start":{"line":33,"column":20},"end":{"line":33,"column":26}}]},"3":{"line":37,"type":"cond-expr","locations":[{"start":{"line":38,"column":14},"end":{"line":38,"column":20}},{"start":{"line":39,"column":14},"end":{"line":39,"column":20}}]},"4":{"line":41,"type":"binary-expr","locations":[{"start":{"line":41,"column":16},"end":{"line":41,"column":44}},{"start":{"line":41,"column":48},"end":{"line":41,"column":53}}]},"5":{"line":45,"type":"if","locations":[{"start":{"line":45,"column":8},"end":{"line":45,"column":8}},{"start":{"line":45,"column":8},"end":{"line":45,"column":8}}]}},"code":["/* istanbul instrument in package npmtest_bull */","/*jslint","    bitwise: true,","    browser: true,","    maxerr: 8,","    maxlen: 96,","    node: true,","    nomen: true,","    regexp: true,","    stupid: true","*/","(function () {","    'use strict';","    var local;","","","","    // run shared js-env code - pre-init","    (function () {","        // init local","        local = {};","        // init modeJs","        local.modeJs = (function () {","            try {","                return typeof navigator.userAgent === 'string' &&","                    typeof document.querySelector('body') === 'object' &&","                    typeof XMLHttpRequest.prototype.open === 'function' &&","                    'browser';","            } catch (errorCaughtBrowser) {","                return module.exports &&","                    typeof process.versions.node === 'string' &&","                    typeof require('http').createServer === 'function' &&","                    'node';","            }","        }());","        // init global","        local.global = local.modeJs === 'browser'","            ? window","            : global;","        // init utility2_rollup","        local = local.global.utility2_rollup || local;","        // init lib","        local.local = local.npmtest_bull = local;","        // init exports","        if (local.modeJs === 'browser') {","            local.global.utility2_npmtest_bull = local;","        } else {","            module.exports = local;","            module.exports.__dirname = __dirname;","            module.exports.module = module;","        }","    }());","}());",""],"l":{"12":2,"14":2,"19":2,"21":2,"23":2,"24":2,"25":2,"30":1,"37":2,"41":2,"43":2,"45":2,"46":1,"48":1,"49":1,"50":1}},"/home/travis/build/npmtest/node-npmtest-bull/example.js":{"path":"/home/travis/build/npmtest/node-npmtest-bull/example.js","s":{"1":2,"2":2,"3":2,"4":2,"5":2,"6":2,"7":2,"8":1,"9":2,"10":2,"11":2,"12":2,"13":1,"14":2,"15":2,"16":2,"17":2,"18":2,"19":0,"20":2,"21":1,"22":1,"23":1,"24":1,"25":1,"26":0,"27":0,"28":1,"29":1,"30":2,"31":0,"32":0,"33":0,"34":1,"35":2,"36":2,"37":2,"38":2,"39":2,"40":2,"41":0,"42":2,"43":2,"44":2,"45":1,"46":3,"47":1,"48":1,"49":1,"50":1,"51":1,"52":1,"53":1,"54":1,"55":1,"56":1,"57":0,"58":1,"59":6,"60":6,"61":1,"62":2,"63":0,"64":2,"65":1,"66":1,"67":0,"68":0,"69":0,"70":0,"71":0,"72":0,"73":0,"74":0,"75":0,"76":0,"77":0,"78":0,"79":0,"80":0,"81":0,"82":0,"83":0},"b":{"1":[2,1,1,1],"2":[1,1,1,1],"3":[1,1],"4":[2,2],"5":[1,1],"6":[1,1],"7":[2,0],"8":[2,1,1,1,1,1],"9":[0,2,0],"10":[1,1],"11":[2,1,1],"12":[1,0],"13":[0,2],"14":[2,0,0,0,0,0,0],"15":[0,2],"16":[2,0],"17":[1,1],"18":[0,1],"19":[1,2,0,2],"20":[1,0],"21":[1,1],"22":[0,0],"23":[0,0],"24":[0,0],"25":[0,0],"26":[0,0],"27":[0,0],"28":[0,0]},"f":{"1":2,"2":2,"3":2,"4":2,"5":2,"6":2,"7":2,"8":2,"9":3,"10":1,"11":6,"12":0},"fnMap":{"1":{"name":"(anonymous_1)","line":26,"loc":{"start":{"line":26,"column":1},"end":{"line":26,"column":13}}},"2":{"name":"(anonymous_2)","line":33,"loc":{"start":{"line":33,"column":5},"end":{"line":33,"column":17}}},"3":{"name":"(anonymous_3)","line":37,"loc":{"start":{"line":37,"column":24},"end":{"line":37,"column":36}}},"4":{"name":"(anonymous_4)","line":69,"loc":{"start":{"line":69,"column":31},"end":{"line":69,"column":48}},"skip":true},"5":{"name":"(anonymous_5)","line":78,"loc":{"start":{"line":78,"column":26},"end":{"line":78,"column":45}},"skip":true},"6":{"name":"(anonymous_6)","line":123,"loc":{"start":{"line":123,"column":33},"end":{"line":123,"column":48}},"skip":true},"7":{"name":"(anonymous_7)","line":125,"loc":{"start":{"line":125,"column":27},"end":{"line":125,"column":39}},"skip":true},"8":{"name":"(anonymous_8)","line":133,"loc":{"start":{"line":133,"column":59},"end":{"line":133,"column":74}},"skip":true},"9":{"name":"(anonymous_9)","line":143,"loc":{"start":{"line":143,"column":45},"end":{"line":143,"column":62}},"skip":true},"10":{"name":"(anonymous_10)","line":144,"loc":{"start":{"line":144,"column":73},"end":{"line":144,"column":92}},"skip":true},"11":{"name":"(anonymous_11)","line":272,"loc":{"start":{"line":272,"column":51},"end":{"line":272,"column":77}},"skip":true},"12":{"name":"(anonymous_12)","line":314,"loc":{"start":{"line":314,"column":32},"end":{"line":314,"column":61}},"skip":true}},"statementMap":{"1":{"start":{"line":26,"column":0},"end":{"line":325,"column":5}},"2":{"start":{"line":28,"column":4},"end":{"line":28,"column":14}},"3":{"start":{"line":33,"column":4},"end":{"line":60,"column":9}},"4":{"start":{"line":35,"column":8},"end":{"line":35,"column":19}},"5":{"start":{"line":37,"column":8},"end":{"line":49,"column":13}},"6":{"start":{"line":38,"column":12},"end":{"line":48,"column":13}},"7":{"start":{"line":39,"column":16},"end":{"line":42,"column":30}},"8":{"start":{"line":44,"column":16},"end":{"line":47,"column":27}},"9":{"start":{"line":51,"column":8},"end":{"line":53,"column":21}},"10":{"start":{"line":55,"column":8},"end":{"line":57,"column":45}},"11":{"start":{"line":59,"column":8},"end":{"line":59,"column":35}},"12":{"start":{"line":61,"column":4},"end":{"line":324,"column":5}},"13":{"start":{"line":69,"column":8},"end":{"line":121,"column":10},"skip":true},"14":{"start":{"line":70,"column":12},"end":{"line":88,"column":13},"skip":true},"15":{"start":{"line":76,"column":16},"end":{"line":87,"column":19},"skip":true},"16":{"start":{"line":79,"column":20},"end":{"line":86,"column":21},"skip":true},"17":{"start":{"line":82,"column":24},"end":{"line":82,"column":43},"skip":true},"18":{"start":{"line":83,"column":24},"end":{"line":83,"column":30},"skip":true},"19":{"start":{"line":85,"column":24},"end":{"line":85,"column":49},"skip":true},"20":{"start":{"line":89,"column":12},"end":{"line":107,"column":13},"skip":true},"21":{"start":{"line":92,"column":16},"end":{"line":102,"column":17},"skip":true},"22":{"start":{"line":93,"column":20},"end":{"line":93,"column":86},"skip":true},"23":{"start":{"line":94,"column":20},"end":{"line":95,"column":45},"skip":true},"24":{"start":{"line":96,"column":20},"end":{"line":96,"column":42},"skip":true},"25":{"start":{"line":97,"column":20},"end":{"line":97,"column":48},"skip":true},"26":{"start":{"line":100,"column":20},"end":{"line":100,"column":85},"skip":true},"27":{"start":{"line":101,"column":20},"end":{"line":101,"column":96},"skip":true},"28":{"start":{"line":103,"column":16},"end":{"line":103,"column":22},"skip":true},"29":{"start":{"line":106,"column":16},"end":{"line":106,"column":22},"skip":true},"30":{"start":{"line":108,"column":12},"end":{"line":120,"column":13},"skip":true},"31":{"start":{"line":114,"column":16},"end":{"line":119,"column":17},"skip":true},"32":{"start":{"line":116,"column":20},"end":{"line":116,"column":78},"skip":true},"33":{"start":{"line":118,"column":20},"end":{"line":118,"column":53},"skip":true},"34":{"start":{"line":123,"column":8},"end":{"line":141,"column":11},"skip":true},"35":{"start":{"line":124,"column":12},"end":{"line":124,"column":54},"skip":true},"36":{"start":{"line":125,"column":12},"end":{"line":140,"column":14},"skip":true},"37":{"start":{"line":126,"column":16},"end":{"line":126,"column":28},"skip":true},"38":{"start":{"line":127,"column":16},"end":{"line":127,"column":69},"skip":true},"39":{"start":{"line":128,"column":16},"end":{"line":128,"column":75},"skip":true},"40":{"start":{"line":129,"column":16},"end":{"line":131,"column":17},"skip":true},"41":{"start":{"line":130,"column":20},"end":{"line":130,"column":27},"skip":true},"42":{"start":{"line":133,"column":16},"end":{"line":137,"column":36},"skip":true},"43":{"start":{"line":134,"column":20},"end":{"line":136,"column":55},"skip":true},"44":{"start":{"line":139,"column":16},"end":{"line":139,"column":57},"skip":true},"45":{"start":{"line":143,"column":8},"end":{"line":147,"column":11},"skip":true},"46":{"start":{"line":144,"column":12},"end":{"line":146,"column":15},"skip":true},"47":{"start":{"line":145,"column":16},"end":{"line":145,"column":70},"skip":true},"48":{"start":{"line":149,"column":8},"end":{"line":149,"column":31},"skip":true},"49":{"start":{"line":150,"column":8},"end":{"line":150,"column":14},"skip":true},"50":{"start":{"line":158,"column":8},"end":{"line":158,"column":31},"skip":true},"51":{"start":{"line":160,"column":8},"end":{"line":160,"column":33},"skip":true},"52":{"start":{"line":161,"column":8},"end":{"line":161,"column":37},"skip":true},"53":{"start":{"line":162,"column":8},"end":{"line":162,"column":35},"skip":true},"54":{"start":{"line":164,"column":8},"end":{"line":164,"column":50},"skip":true},"55":{"start":{"line":166,"column":8},"end":{"line":256,"column":2},"skip":true},"56":{"start":{"line":258,"column":8},"end":{"line":286,"column":9},"skip":true},"57":{"start":{"line":259,"column":12},"end":{"line":269,"column":14},"skip":true},"58":{"start":{"line":271,"column":12},"end":{"line":285,"column":19},"skip":true},"59":{"start":{"line":274,"column":20},"end":{"line":274,"column":35},"skip":true},"60":{"start":{"line":275,"column":20},"end":{"line":284,"column":21},"skip":true},"61":{"start":{"line":277,"column":24},"end":{"line":277,"column":64},"skip":true},"62":{"start":{"line":279,"column":24},"end":{"line":279,"column":40},"skip":true},"63":{"start":{"line":281,"column":24},"end":{"line":281,"column":40},"skip":true},"64":{"start":{"line":283,"column":24},"end":{"line":283,"column":39},"skip":true},"65":{"start":{"line":288,"column":8},"end":{"line":290,"column":9},"skip":true},"66":{"start":{"line":289,"column":12},"end":{"line":289,"column":18},"skip":true},"67":{"start":{"line":291,"column":8},"end":{"line":293,"column":54},"skip":true},"68":{"start":{"line":294,"column":8},"end":{"line":301,"column":37},"skip":true},"69":{"start":{"line":302,"column":8},"end":{"line":302,"column":82},"skip":true},"70":{"start":{"line":305,"column":8},"end":{"line":307,"column":9},"skip":true},"71":{"start":{"line":306,"column":12},"end":{"line":306,"column":82},"skip":true},"72":{"start":{"line":309,"column":8},"end":{"line":311,"column":9},"skip":true},"73":{"start":{"line":310,"column":12},"end":{"line":310,"column":18},"skip":true},"74":{"start":{"line":312,"column":8},"end":{"line":312,"column":54},"skip":true},"75":{"start":{"line":313,"column":8},"end":{"line":313,"column":69},"skip":true},"76":{"start":{"line":314,"column":8},"end":{"line":322,"column":36},"skip":true},"77":{"start":{"line":315,"column":12},"end":{"line":315,"column":61},"skip":true},"78":{"start":{"line":316,"column":12},"end":{"line":319,"column":13},"skip":true},"79":{"start":{"line":317,"column":16},"end":{"line":317,"column":75},"skip":true},"80":{"start":{"line":318,"column":16},"end":{"line":318,"column":23},"skip":true},"81":{"start":{"line":320,"column":12},"end":{"line":320,"column":38},"skip":true},"82":{"start":{"line":321,"column":12},"end":{"line":321,"column":27},"skip":true},"83":{"start":{"line":323,"column":8},"end":{"line":323,"column":14},"skip":true}},"branchMap":{"1":{"line":39,"type":"binary-expr","locations":[{"start":{"line":39,"column":23},"end":{"line":39,"column":62}},{"start":{"line":40,"column":20},"end":{"line":40,"column":70}},{"start":{"line":41,"column":20},"end":{"line":41,"column":71}},{"start":{"line":42,"column":20},"end":{"line":42,"column":29}}]},"2":{"line":44,"type":"binary-expr","locations":[{"start":{"line":44,"column":23},"end":{"line":44,"column":37}},{"start":{"line":45,"column":20},"end":{"line":45,"column":61}},{"start":{"line":46,"column":20},"end":{"line":46,"column":70}},{"start":{"line":47,"column":20},"end":{"line":47,"column":26}}]},"3":{"line":51,"type":"cond-expr","locations":[{"start":{"line":52,"column":14},"end":{"line":52,"column":20}},{"start":{"line":53,"column":14},"end":{"line":53,"column":20}}]},"4":{"line":55,"type":"binary-expr","locations":[{"start":{"line":55,"column":16},"end":{"line":55,"column":44}},{"start":{"line":55,"column":49},"end":{"line":57,"column":43}}]},"5":{"line":55,"type":"cond-expr","locations":[{"start":{"line":56,"column":14},"end":{"line":56,"column":48}},{"start":{"line":57,"column":14},"end":{"line":57,"column":43}}]},"6":{"line":61,"type":"switch","locations":[{"start":{"line":68,"column":4},"end":{"line":150,"column":14},"skip":true},{"start":{"line":156,"column":4},"end":{"line":323,"column":14},"skip":true}]},"7":{"line":70,"type":"if","locations":[{"start":{"line":70,"column":12},"end":{"line":70,"column":12},"skip":true},{"start":{"line":70,"column":12},"end":{"line":70,"column":12},"skip":true}]},"8":{"line":70,"type":"binary-expr","locations":[{"start":{"line":70,"column":16},"end":{"line":70,"column":22},"skip":true},{"start":{"line":70,"column":27},"end":{"line":70,"column":32},"skip":true},{"start":{"line":71,"column":20},"end":{"line":71,"column":39},"skip":true},{"start":{"line":72,"column":20},"end":{"line":72,"column":49},"skip":true},{"start":{"line":73,"column":20},"end":{"line":73,"column":58},"skip":true},{"start":{"line":74,"column":20},"end":{"line":74,"column":69},"skip":true}]},"9":{"line":79,"type":"switch","locations":[{"start":{"line":80,"column":20},"end":{"line":80,"column":33},"skip":true},{"start":{"line":81,"column":20},"end":{"line":83,"column":30},"skip":true},{"start":{"line":84,"column":20},"end":{"line":85,"column":49},"skip":true}]},"10":{"line":89,"type":"switch","locations":[{"start":{"line":90,"column":12},"end":{"line":103,"column":22},"skip":true},{"start":{"line":105,"column":12},"end":{"line":106,"column":22},"skip":true}]},"11":{"line":89,"type":"binary-expr","locations":[{"start":{"line":89,"column":20},"end":{"line":89,"column":25},"skip":true},{"start":{"line":89,"column":29},"end":{"line":89,"column":48},"skip":true},{"start":{"line":89,"column":52},"end":{"line":89,"column":74},"skip":true}]},"12":{"line":92,"type":"if","locations":[{"start":{"line":92,"column":16},"end":{"line":92,"column":16},"skip":true},{"start":{"line":92,"column":16},"end":{"line":92,"column":16},"skip":true}]},"13":{"line":108,"type":"if","locations":[{"start":{"line":108,"column":12},"end":{"line":108,"column":12},"skip":true},{"start":{"line":108,"column":12},"end":{"line":108,"column":12},"skip":true}]},"14":{"line":108,"type":"binary-expr","locations":[{"start":{"line":108,"column":16},"end":{"line":108,"column":61},"skip":true},{"start":{"line":108,"column":66},"end":{"line":108,"column":72},"skip":true},{"start":{"line":108,"column":77},"end":{"line":108,"column":82},"skip":true},{"start":{"line":109,"column":20},"end":{"line":109,"column":39},"skip":true},{"start":{"line":110,"column":20},"end":{"line":110,"column":49},"skip":true},{"start":{"line":111,"column":20},"end":{"line":111,"column":58},"skip":true},{"start":{"line":112,"column":20},"end":{"line":112,"column":68},"skip":true}]},"15":{"line":129,"type":"if","locations":[{"start":{"line":129,"column":16},"end":{"line":129,"column":16},"skip":true},{"start":{"line":129,"column":16},"end":{"line":129,"column":16},"skip":true}]},"16":{"line":134,"type":"cond-expr","locations":[{"start":{"line":135,"column":26},"end":{"line":135,"column":29},"skip":true},{"start":{"line":136,"column":26},"end":{"line":136,"column":54},"skip":true}]},"17":{"line":164,"type":"binary-expr","locations":[{"start":{"line":164,"column":27},"end":{"line":164,"column":43},"skip":true},{"start":{"line":164,"column":47},"end":{"line":164,"column":49},"skip":true}]},"18":{"line":258,"type":"if","locations":[{"start":{"line":258,"column":8},"end":{"line":258,"column":8},"skip":true},{"start":{"line":258,"column":8},"end":{"line":258,"column":8},"skip":true}]},"19":{"line":275,"type":"switch","locations":[{"start":{"line":276,"column":20},"end":{"line":277,"column":64},"skip":true},{"start":{"line":278,"column":20},"end":{"line":279,"column":40},"skip":true},{"start":{"line":280,"column":20},"end":{"line":281,"column":40},"skip":true},{"start":{"line":282,"column":20},"end":{"line":283,"column":39},"skip":true}]},"20":{"line":288,"type":"if","locations":[{"start":{"line":288,"column":8},"end":{"line":288,"column":8},"skip":true},{"start":{"line":288,"column":8},"end":{"line":288,"column":8},"skip":true}]},"21":{"line":288,"type":"binary-expr","locations":[{"start":{"line":288,"column":12},"end":{"line":288,"column":40},"skip":true},{"start":{"line":288,"column":44},"end":{"line":288,"column":67},"skip":true}]},"22":{"line":292,"type":"binary-expr","locations":[{"start":{"line":292,"column":12},"end":{"line":292,"column":50},"skip":true},{"start":{"line":293,"column":12},"end":{"line":293,"column":53},"skip":true}]},"23":{"line":295,"type":"binary-expr","locations":[{"start":{"line":295,"column":12},"end":{"line":295,"column":62},"skip":true},{"start":{"line":296,"column":12},"end":{"line":301,"column":36},"skip":true}]},"24":{"line":302,"type":"binary-expr","locations":[{"start":{"line":302,"column":43},"end":{"line":302,"column":75},"skip":true},{"start":{"line":302,"column":79},"end":{"line":302,"column":81},"skip":true}]},"25":{"line":305,"type":"if","locations":[{"start":{"line":305,"column":8},"end":{"line":305,"column":8},"skip":true},{"start":{"line":305,"column":8},"end":{"line":305,"column":8},"skip":true}]},"26":{"line":309,"type":"if","locations":[{"start":{"line":309,"column":8},"end":{"line":309,"column":8},"skip":true},{"start":{"line":309,"column":8},"end":{"line":309,"column":8},"skip":true}]},"27":{"line":312,"type":"binary-expr","locations":[{"start":{"line":312,"column":27},"end":{"line":312,"column":43},"skip":true},{"start":{"line":312,"column":47},"end":{"line":312,"column":53},"skip":true}]},"28":{"line":316,"type":"if","locations":[{"start":{"line":316,"column":12},"end":{"line":316,"column":12},"skip":true},{"start":{"line":316,"column":12},"end":{"line":316,"column":12},"skip":true}]}},"code":["/*","example.js","","quickstart example","","instruction","    1. save this script as example.js","    2. run the shell command:","        $ npm install npmtest-bull && PORT=8081 node example.js","    3. play with the browser-demo on http://127.0.0.1:8081","*/","","","","/* istanbul instrument in package npmtest_bull */","/*jslint","    bitwise: true,","    browser: true,","    maxerr: 8,","    maxlen: 96,","    node: true,","    nomen: true,","    regexp: true,","    stupid: true","*/","(function () {","    'use strict';","    var local;","","","","    // run shared js-env code - pre-init","    (function () {","        // init local","        local = {};","        // init modeJs","        local.modeJs = (function () {","            try {","                return typeof navigator.userAgent === 'string' &&","                    typeof document.querySelector('body') === 'object' &&","                    typeof XMLHttpRequest.prototype.open === 'function' &&","                    'browser';","            } catch (errorCaughtBrowser) {","                return module.exports &&","                    typeof process.versions.node === 'string' &&","                    typeof require('http').createServer === 'function' &&","                    'node';","            }","        }());","        // init global","        local.global = local.modeJs === 'browser'","            ? window","            : global;","        // init utility2_rollup","        local = local.global.utility2_rollup || (local.modeJs === 'browser'","            ? local.global.utility2_npmtest_bull","            : global.utility2_moduleExports);","        // export local","        local.global.local = local;","    }());","    switch (local.modeJs) {","","","","    // post-init","    // run browser js-env code - post-init","    /* istanbul ignore next */","    case 'browser':","        local.testRunBrowser = function (event) {","            if (!event || (event &&","                    event.currentTarget &&","                    event.currentTarget.className &&","                    event.currentTarget.className.includes &&","                    event.currentTarget.className.includes('onreset'))) {","                // reset output","                Array.from(","                    document.querySelectorAll('body > .resettable')","                ).forEach(function (element) {","                    switch (element.tagName) {","                    case 'INPUT':","                    case 'TEXTAREA':","                        element.value = '';","                        break;","                    default:","                        element.textContent = '';","                    }","                });","            }","            switch (event && event.currentTarget && event.currentTarget.id) {","            case 'testRunButton1':","                // show tests","                if (document.querySelector('#testReportDiv1').style.display === 'none') {","                    document.querySelector('#testReportDiv1').style.display = 'block';","                    document.querySelector('#testRunButton1').textContent =","                        'hide internal test';","                    local.modeTest = true;","                    local.testRunDefault(local);","                // hide tests","                } else {","                    document.querySelector('#testReportDiv1').style.display = 'none';","                    document.querySelector('#testRunButton1').textContent = 'run internal test';","                }","                break;","            // custom-case","            default:","                break;","            }","            if (document.querySelector('#inputTextareaEval1') && (!event || (event &&","                    event.currentTarget &&","                    event.currentTarget.className &&","                    event.currentTarget.className.includes &&","                    event.currentTarget.className.includes('oneval')))) {","                // try to eval input-code","                try {","                    /*jslint evil: true*/","                    eval(document.querySelector('#inputTextareaEval1').value);","                } catch (errorCaught) {","                    console.error(errorCaught.stack);","                }","            }","        };","        // log stderr and stdout to #outputTextareaStdout1","        ['error', 'log'].forEach(function (key) {","            console[key + '_original'] = console[key];","            console[key] = function () {","                var element;","                console[key + '_original'].apply(console, arguments);","                element = document.querySelector('#outputTextareaStdout1');","                if (!element) {","                    return;","                }","                // append text to #outputTextareaStdout1","                element.value += Array.from(arguments).map(function (arg) {","                    return typeof arg === 'string'","                        ? arg","                        : JSON.stringify(arg, null, 4);","                }).join(' ') + '\\n';","                // scroll textarea to bottom","                element.scrollTop = element.scrollHeight;","            };","        });","        // init event-handling","        ['change', 'click', 'keyup'].forEach(function (event) {","            Array.from(document.querySelectorAll('.on' + event)).forEach(function (element) {","                element.addEventListener(event, local.testRunBrowser);","            });","        });","        // run tests","        local.testRunBrowser();","        break;","","","","    // run node js-env code - post-init","    /* istanbul ignore next */","    case 'node':","        // export local","        module.exports = local;","        // require modules","        local.fs = require('fs');","        local.http = require('http');","        local.url = require('url');","        // init assets","        local.assetsDict = local.assetsDict || {};","        /* jslint-ignore-begin */","        local.assetsDict['/assets.index.template.html'] = '\\","<!doctype html>\\n\\","<html lang=\"en\">\\n\\","<head>\\n\\","<meta charset=\"UTF-8\">\\n\\","<meta name=\"viewport\" content=\"width=device-width, initial-scale=1\">\\n\\","<title>{{env.npm_package_name}} (v{{env.npm_package_version}})</title>\\n\\","<style>\\n\\","/*csslint\\n\\","    box-sizing: false,\\n\\","    universal-selector: false\\n\\","*/\\n\\","* {\\n\\","    box-sizing: border-box;\\n\\","}\\n\\","body {\\n\\","    background: #dde;\\n\\","    font-family: Arial, Helvetica, sans-serif;\\n\\","    margin: 2rem;\\n\\","}\\n\\","body > * {\\n\\","    margin-bottom: 1rem;\\n\\","}\\n\\",".utility2FooterDiv {\\n\\","    margin-top: 20px;\\n\\","    text-align: center;\\n\\","}\\n\\","</style>\\n\\","<style>\\n\\","/*csslint\\n\\","*/\\n\\","textarea {\\n\\","    font-family: monospace;\\n\\","    height: 10rem;\\n\\","    width: 100%;\\n\\","}\\n\\","textarea[readonly] {\\n\\","    background: #ddd;\\n\\","}\\n\\","</style>\\n\\","</head>\\n\\","<body>\\n\\","<!-- utility2-comment\\n\\","<div id=\"ajaxProgressDiv1\" style=\"background: #d00; height: 2px; left: 0; margin: 0; padding: 0; position: fixed; top: 0; transition: background 0.5s, width 1.5s; width: 25%;\"></div>\\n\\","utility2-comment -->\\n\\","<h1>\\n\\","<!-- utility2-comment\\n\\","    <a\\n\\","        {{#if env.npm_package_homepage}}\\n\\","        href=\"{{env.npm_package_homepage}}\"\\n\\","        {{/if env.npm_package_homepage}}\\n\\","        target=\"_blank\"\\n\\","    >\\n\\","utility2-comment -->\\n\\","        {{env.npm_package_name}} (v{{env.npm_package_version}})\\n\\","<!-- utility2-comment\\n\\","    </a>\\n\\","utility2-comment -->\\n\\","</h1>\\n\\","<h3>{{env.npm_package_description}}</h3>\\n\\","<!-- utility2-comment\\n\\","<h4><a download href=\"assets.app.js\">download standalone app</a></h4>\\n\\","<button class=\"onclick onreset\" id=\"testRunButton1\">run internal test</button><br>\\n\\","<div id=\"testReportDiv1\" style=\"display: none;\"></div>\\n\\","utility2-comment -->\\n\\","\\n\\","\\n\\","\\n\\","<label>stderr and stdout</label>\\n\\","<textarea class=\"resettable\" id=\"outputTextareaStdout1\" readonly></textarea>\\n\\","<!-- utility2-comment\\n\\","{{#if isRollup}}\\n\\","<script src=\"assets.app.js\"></script>\\n\\","{{#unless isRollup}}\\n\\","utility2-comment -->\\n\\","<script src=\"assets.utility2.rollup.js\"></script>\\n\\","<script src=\"jsonp.utility2._stateInit?callback=window.utility2._stateInit\"></script>\\n\\","<script src=\"assets.npmtest_bull.rollup.js\"></script>\\n\\","<script src=\"assets.example.js\"></script>\\n\\","<script src=\"assets.test.js\"></script>\\n\\","<!-- utility2-comment\\n\\","{{/if isRollup}}\\n\\","utility2-comment -->\\n\\","<div class=\"utility2FooterDiv\">\\n\\","    [ this app was created with\\n\\","    <a href=\"https://github.com/kaizhu256/node-utility2\" target=\"_blank\">utility2</a>\\n\\","    ]\\n\\","</div>\\n\\","</body>\\n\\","</html>\\n\\","';","        /* jslint-ignore-end */","        if (local.templateRender) {","            local.assetsDict['/'] = local.templateRender(","                local.assetsDict['/assets.index.template.html'],","                {","                    env: local.objectSetDefault(local.env, {","                        npm_package_description: 'the greatest app in the world!',","                        npm_package_name: 'my-app',","                        npm_package_nameAlias: 'my_app',","                        npm_package_version: '0.0.1'","                    })","                }","            );","        } else {","            local.assetsDict['/'] = local.assetsDict['/assets.index.template.html']","                .replace((/\\{\\{env\\.(\\w+?)\\}\\}/g), function (match0, match1) {","                    // jslint-hack","                    String(match0);","                    switch (match1) {","                    case 'npm_package_description':","                        return 'the greatest app in the world!';","                    case 'npm_package_name':","                        return 'my-app';","                    case 'npm_package_nameAlias':","                        return 'my_app';","                    case 'npm_package_version':","                        return '0.0.1';","                    }","                });","        }","        // run the cli","        if (local.global.utility2_rollup || module !== require.main) {","            break;","        }","        local.assetsDict['/assets.example.js'] =","            local.assetsDict['/assets.example.js'] ||","            local.fs.readFileSync(__filename, 'utf8');","        local.assetsDict['/assets.npmtest_bull.rollup.js'] =","            local.assetsDict['/assets.npmtest_bull.rollup.js'] ||","            local.fs.readFileSync(","                // buildCustomOrg-hack","                local.npmtest_bull.__dirname +","                    '/lib.npmtest_bull.js',","                'utf8'","            ).replace((/^#!/), '//');","        local.assetsDict['/favicon.ico'] = local.assetsDict['/favicon.ico'] || '';","        // if $npm_config_timeout_exit exists,","        // then exit this process after $npm_config_timeout_exit ms","        if (Number(process.env.npm_config_timeout_exit)) {","            setTimeout(process.exit, Number(process.env.npm_config_timeout_exit));","        }","        // start server","        if (local.global.utility2_serverHttp1) {","            break;","        }","        process.env.PORT = process.env.PORT || '8081';","        console.error('server starting on port ' + process.env.PORT);","        local.http.createServer(function (request, response) {","            request.urlParsed = local.url.parse(request.url);","            if (local.assetsDict[request.urlParsed.pathname] !== undefined) {","                response.end(local.assetsDict[request.urlParsed.pathname]);","                return;","            }","            response.statusCode = 404;","            response.end();","        }).listen(process.env.PORT);","        break;","    }","}());",""],"l":{"26":2,"28":2,"33":2,"35":2,"37":2,"38":2,"39":2,"44":1,"51":2,"55":2,"59":2,"61":2,"69":1,"70":2,"76":2,"79":2,"82":2,"83":2,"85":1,"89":2,"92":1,"93":1,"94":1,"96":1,"97":1,"100":1,"101":1,"103":1,"106":1,"108":2,"114":1,"116":1,"118":1,"123":1,"124":2,"125":2,"126":2,"127":2,"128":2,"129":2,"130":1,"133":2,"134":2,"139":2,"143":1,"144":3,"145":1,"149":1,"150":1,"158":1,"160":1,"161":1,"162":1,"164":1,"166":1,"258":1,"259":1,"271":1,"274":6,"275":6,"277":1,"279":2,"281":1,"283":2,"288":1,"289":1,"291":1,"294":1,"302":1,"305":1,"306":1,"309":1,"310":1,"312":1,"313":1,"314":1,"315":1,"316":1,"317":1,"318":1,"320":1,"321":1,"323":1}},"/home/travis/build/npmtest/node-npmtest-bull/bull/index.js":{"path":"/home/travis/build/npmtest/node-npmtest-bull/bull/index.js","s":{"1":1},"b":{},"f":{},"fnMap":{},"statementMap":{"1":{"start":{"line":1,"column":0},"end":{"line":1,"column":40}}},"branchMap":{},"code":["module.exports = require('./lib/queue');",""],"l":{"1":1}},"/home/travis/build/npmtest/node-npmtest-bull/bull/lib/queue.js":{"path":"/home/travis/build/npmtest/node-npmtest-bull/bull/lib/queue.js","s":{"1":1,"2":1,"3":1,"4":1,"5":1,"6":1,"7":1,"8":1,"9":1,"10":1,"11":1,"12":1,"13":1,"14":1,"15":1,"16":1,"17":1,"18":1,"19":1,"20":1,"21":1,"22":1,"23":1,"24":1,"25":0,"26":0,"27":0,"28":0,"29":0,"30":0,"31":0,"32":0,"33":0,"34":0,"35":0,"36":0,"37":0,"38":0,"39":0,"40":0,"41":0,"42":0,"43":0,"44":0,"45":0,"46":0,"47":0,"48":1,"49":0,"50":0,"51":0,"52":0,"53":0,"54":0,"55":0,"56":0,"57":0,"58":0,"59":0,"60":0,"61":0,"62":0,"63":0,"64":0,"65":0,"66":0,"67":0,"68":0,"69":0,"70":0,"71":0,"72":0,"73":0,"74":0,"75":0,"76":0,"77":0,"78":0,"79":0,"80":0,"81":0,"82":0,"83":0,"84":0,"85":0,"86":0,"87":0,"88":0,"89":0,"90":0,"91":0,"92":0,"93":0,"94":0,"95":0,"96":0,"97":0,"98":0,"99":0,"100":1,"101":0,"102":0,"103":0,"104":0,"105":0,"106":0,"107":0,"108":0,"109":0,"110":0,"111":0,"112":0,"113":0,"114":0,"115":0,"116":0,"117":0,"118":0,"119":0,"120":0,"121":0,"122":0,"123":0,"124":0,"125":0,"126":0,"127":0,"128":0,"129":0,"130":1,"131":1,"132":0,"133":0,"134":0,"135":1,"136":0,"137":1,"138":0,"139":0,"140":1,"141":0,"142":0,"143":0,"144":0,"145":1,"146":0,"147":0,"148":0,"149":0,"150":0,"151":0,"152":1,"153":0,"154":0,"155":0,"156":1,"157":0,"158":1,"159":0,"160":0,"161":0,"162":0,"163":0,"164":0,"165":0,"166":1,"167":0,"168":0,"169":0,"170":0,"171":0,"172":0,"173":0,"174":0,"175":0,"176":0,"177":0,"178":0,"179":1,"180":0,"181":0,"182":0,"183":0,"184":0,"185":0,"186":0,"187":0,"188":0,"189":0,"190":0,"191":0,"192":0,"193":0,"194":1,"195":0,"196":0,"197":0,"198":0,"199":0,"200":0,"201":1,"202":0,"203":1,"204":0,"205":0,"206":0,"207":0,"208":0,"209":0,"210":1,"211":0,"212":0,"213":0,"214":0,"215":0,"216":0,"217":0,"218":0,"219":0,"220":0,"221":0,"222":0,"223":0,"224":0,"225":0,"226":0,"227":1,"228":0,"229":0,"230":0,"231":0,"232":0,"233":0,"234":0,"235":0,"236":0,"237":1,"238":0,"239":0,"240":0,"241":0,"242":0,"243":1,"244":0,"245":0,"246":0,"247":0,"248":0,"249":0,"250":0,"251":0,"252":1,"253":0,"254":0,"255":0,"256":0,"257":0,"258":0,"259":0,"260":1,"261":0,"262":0,"263":0,"264":0,"265":0,"266":0,"267":0,"268":0,"269":0,"270":0,"271":0,"272":0,"273":0,"274":0,"275":1,"276":0,"277":0,"278":0,"279":0,"280":0,"281":0,"282":0,"283":0,"284":0,"285":0,"286":0,"287":0,"288":1,"289":0,"290":0,"291":0,"292":1,"293":0,"294":0,"295":0,"296":0,"297":0,"298":0,"299":0,"300":0,"301":1,"302":0,"303":0,"304":0,"305":0,"306":0,"307":0,"308":0,"309":0,"310":0,"311":0,"312":0,"313":0,"314":0,"315":0,"316":1,"317":0,"318":0,"319":0,"320":1,"321":0,"322":0,"323":0,"324":0,"325":0,"326":0,"327":0,"328":0,"329":0,"330":1,"331":0,"332":0,"333":0,"334":0,"335":0,"336":0,"337":0,"338":0,"339":0,"340":0,"341":0,"342":0,"343":0,"344":0,"345":1,"346":0,"347":0,"348":0,"349":0,"350":0,"351":0,"352":0,"353":0,"354":0,"355":0,"356":0,"357":0,"358":1,"359":0,"360":1,"361":0,"362":0,"363":0,"364":0,"365":0,"366":0,"367":0,"368":0,"369":0,"370":0,"371":0,"372":0,"373":0,"374":0,"375":0,"376":0,"377":0,"378":0,"379":0,"380":1,"381":0,"382":1,"383":0,"384":0,"385":0,"386":0,"387":0,"388":0,"389":0,"390":0,"391":0,"392":0,"393":0,"394":0,"395":0,"396":0,"397":0,"398":0,"399":0,"400":1,"401":0,"402":0,"403":0,"404":0,"405":0,"406":0,"407":1,"408":0,"409":1,"410":0,"411":1,"412":0,"413":1,"414":0,"415":1,"416":0,"417":1,"418":0,"419":1,"420":0,"421":0,"422":1,"423":0,"424":1,"425":0,"426":1,"427":0,"428":1,"429":0,"430":1,"431":0,"432":0,"433":0,"434":0,"435":0,"436":0,"437":0,"438":0,"439":0,"440":0,"441":0,"442":0,"443":0,"444":0,"445":0,"446":0,"447":0,"448":0,"449":1,"450":0,"451":1,"452":0,"453":1,"454":0,"455":0,"456":0,"457":0,"458":0,"459":0,"460":0,"461":0,"462":0,"463":0,"464":0,"465":0,"466":0,"467":0,"468":1,"469":0,"470":0,"471":0,"472":0,"473":0,"474":0,"475":0,"476":0,"477":0,"478":0,"479":0,"480":0,"481":0,"482":0,"483":0,"484":0,"485":0,"486":0,"487":1,"488":0,"489":0,"490":0,"491":0,"492":0,"493":0,"494":1},"b":{"1":[0,0],"2":[0,0],"3":[0,0],"4":[0,0],"5":[0,0],"6":[0,0],"7":[0,0],"8":[0,0],"9":[0,0],"10":[0,0],"11":[0,0],"12":[0,0],"13":[0,0],"14":[0,0],"15":[0,0],"16":[0,0],"17":[0,0],"18":[0,0],"19":[0,0],"20":[0,0],"21":[0,0],"22":[0,0],"23":[0,0],"24":[0,0],"25":[0,0],"26":[0,0],"27":[0,0],"28":[0,0,0],"29":[0,0],"30":[0,0],"31":[0,0],"32":[0,0],"33":[0,0],"34":[0,0],"35":[0,0],"36":[0,0],"37":[0,0],"38":[0,0],"39":[0,0],"40":[0,0],"41":[0,0],"42":[0,0],"43":[0,0],"44":[0,0],"45":[0,0],"46":[0,0],"47":[0,0],"48":[0,0],"49":[0,0],"50":[0,0],"51":[0,0],"52":[0,0],"53":[0,0],"54":[0,0],"55":[0,0],"56":[0,0],"57":[0,0],"58":[0,0],"59":[0,0],"60":[0,0],"61":[0,0],"62":[0,0],"63":[0,0],"64":[0,0],"65":[0,0],"66":[0,0],"67":[0,0,0,0,0,0],"68":[0,0],"69":[0,0],"70":[0,0],"71":[0,0],"72":[0,0,0],"73":[0,0],"74":[0,0],"75":[0,0],"76":[0,0],"77":[0,0],"78":[0,0],"79":[0,0]},"f":{"1":0,"2":0,"3":0,"4":0,"5":0,"6":0,"7":0,"8":0,"9":0,"10":0,"11":0,"12":0,"13":0,"14":0,"15":0,"16":0,"17":0,"18":0,"19":0,"20":0,"21":0,"22":0,"23":0,"24":0,"25":0,"26":0,"27":0,"28":0,"29":0,"30":0,"31":0,"32":0,"33":0,"34":0,"35":0,"36":0,"37":0,"38":0,"39":0,"40":0,"41":0,"42":0,"43":0,"44":0,"45":0,"46":0,"47":0,"48":0,"49":0,"50":0,"51":0,"52":0,"53":0,"54":0,"55":0,"56":0,"57":0,"58":0,"59":0,"60":0,"61":0,"62":0,"63":0,"64":0,"65":0,"66":0,"67":0,"68":0,"69":0,"70":0,"71":0,"72":0,"73":0,"74":0,"75":0,"76":0,"77":0,"78":0,"79":0,"80":0,"81":0,"82":0,"83":0,"84":0,"85":0,"86":0,"87":0,"88":0,"89":0,"90":0,"91":0,"92":0,"93":0,"94":0,"95":0,"96":0,"97":0,"98":0,"99":0,"100":0,"101":0,"102":0,"103":0,"104":0,"105":0,"106":0,"107":0,"108":0,"109":0,"110":0,"111":0,"112":0,"113":0,"114":0,"115":0,"116":0,"117":0,"118":0,"119":0,"120":0,"121":0,"122":0,"123":0,"124":0},"fnMap":{"1":{"name":"Queue","line":66,"loc":{"start":{"line":66,"column":12},"end":{"line":66,"column":68}}},"2":{"name":"createClient","line":99,"loc":{"start":{"line":99,"column":2},"end":{"line":99,"column":30}}},"3":{"name":"(anonymous_3)","line":128,"loc":{"start":{"line":128,"column":36},"end":{"line":128,"column":53}}},"4":{"name":"(anonymous_4)","line":132,"loc":{"start":{"line":132,"column":11},"end":{"line":132,"column":24}}},"5":{"name":"(anonymous_5)","line":170,"loc":{"start":{"line":170,"column":52},"end":{"line":170,"column":70}}},"6":{"name":"(anonymous_6)","line":180,"loc":{"start":{"line":180,"column":67},"end":{"line":180,"column":85}}},"7":{"name":"(anonymous_7)","line":181,"loc":{"start":{"line":181,"column":23},"end":{"line":181,"column":49}}},"8":{"name":"(anonymous_8)","line":187,"loc":{"start":{"line":187,"column":54},"end":{"line":187,"column":64}}},"9":{"name":"(anonymous_9)","line":192,"loc":{"start":{"line":192,"column":10},"end":{"line":192,"column":20}}},"10":{"name":"(anonymous_10)","line":195,"loc":{"start":{"line":195,"column":5},"end":{"line":195,"column":18}}},"11":{"name":"listenDistEvent","line":213,"loc":{"start":{"line":213,"column":2},"end":{"line":213,"column":37}}},"12":{"name":"(anonymous_12)","line":215,"loc":{"start":{"line":215,"column":25},"end":{"line":215,"column":35}}},"13":{"name":"(anonymous_13)","line":232,"loc":{"start":{"line":232,"column":29},"end":{"line":232,"column":55}}},"14":{"name":"(anonymous_14)","line":244,"loc":{"start":{"line":244,"column":48},"end":{"line":244,"column":67}}},"15":{"name":"(anonymous_15)","line":254,"loc":{"start":{"line":254,"column":35},"end":{"line":254,"column":46}}},"16":{"name":"(anonymous_16)","line":256,"loc":{"start":{"line":256,"column":53},"end":{"line":256,"column":72}}},"17":{"name":"(anonymous_17)","line":260,"loc":{"start":{"line":260,"column":15},"end":{"line":260,"column":28}}},"18":{"name":"(anonymous_18)","line":277,"loc":{"start":{"line":277,"column":26},"end":{"line":277,"column":36}}},"19":{"name":"(anonymous_19)","line":279,"loc":{"start":{"line":279,"column":33},"end":{"line":279,"column":43}}},"20":{"name":"(anonymous_20)","line":284,"loc":{"start":{"line":284,"column":34},"end":{"line":284,"column":44}}},"21":{"name":"(anonymous_21)","line":288,"loc":{"start":{"line":288,"column":42},"end":{"line":288,"column":52}}},"22":{"name":"(anonymous_22)","line":296,"loc":{"start":{"line":296,"column":27},"end":{"line":296,"column":37}}},"23":{"name":"(anonymous_23)","line":307,"loc":{"start":{"line":307,"column":21},"end":{"line":307,"column":31}}},"24":{"name":"(anonymous_24)","line":311,"loc":{"start":{"line":311,"column":16},"end":{"line":311,"column":29}}},"25":{"name":"(anonymous_25)","line":315,"loc":{"start":{"line":315,"column":23},"end":{"line":315,"column":33}}},"26":{"name":"(anonymous_26)","line":321,"loc":{"start":{"line":321,"column":29},"end":{"line":321,"column":39}}},"27":{"name":"endClients","line":324,"loc":{"start":{"line":324,"column":2},"end":{"line":324,"column":23}}},"28":{"name":"(anonymous_28)","line":327,"loc":{"start":{"line":327,"column":23},"end":{"line":327,"column":41}}},"29":{"name":"(anonymous_29)","line":331,"loc":{"start":{"line":331,"column":11},"end":{"line":331,"column":24}}},"30":{"name":"(anonymous_30)","line":344,"loc":{"start":{"line":344,"column":24},"end":{"line":344,"column":49}}},"31":{"name":"(anonymous_31)","line":352,"loc":{"start":{"line":352,"column":48},"end":{"line":352,"column":58}}},"32":{"name":"(anonymous_32)","line":358,"loc":{"start":{"line":358,"column":40},"end":{"line":358,"column":50}}},"33":{"name":"(anonymous_33)","line":360,"loc":{"start":{"line":360,"column":12},"end":{"line":360,"column":22}}},"34":{"name":"(anonymous_34)","line":362,"loc":{"start":{"line":362,"column":12},"end":{"line":362,"column":22}}},"35":{"name":"(anonymous_35)","line":374,"loc":{"start":{"line":374,"column":26},"end":{"line":374,"column":56}}},"36":{"name":"(anonymous_36)","line":383,"loc":{"start":{"line":383,"column":26},"end":{"line":383,"column":36}}},"37":{"name":"(anonymous_37)","line":384,"loc":{"start":{"line":384,"column":32},"end":{"line":384,"column":42}}},"38":{"name":"(anonymous_38)","line":385,"loc":{"start":{"line":385,"column":35},"end":{"line":385,"column":48}}},"39":{"name":"(anonymous_39)","line":396,"loc":{"start":{"line":396,"column":37},"end":{"line":396,"column":50}}},"40":{"name":"(anonymous_40)","line":402,"loc":{"start":{"line":402,"column":29},"end":{"line":402,"column":46}}},"41":{"name":"(anonymous_41)","line":429,"loc":{"start":{"line":429,"column":22},"end":{"line":429,"column":42}}},"42":{"name":"(anonymous_42)","line":436,"loc":{"start":{"line":436,"column":24},"end":{"line":436,"column":34}}},"43":{"name":"(anonymous_43)","line":442,"loc":{"start":{"line":442,"column":27},"end":{"line":442,"column":40}}},"44":{"name":"(anonymous_44)","line":458,"loc":{"start":{"line":458,"column":24},"end":{"line":458,"column":34}}},"45":{"name":"(anonymous_45)","line":471,"loc":{"start":{"line":471,"column":29},"end":{"line":471,"column":54}}},"46":{"name":"(anonymous_46)","line":496,"loc":{"start":{"line":496,"column":24},"end":{"line":496,"column":58}}},"47":{"name":"(anonymous_47)","line":501,"loc":{"start":{"line":501,"column":32},"end":{"line":501,"column":50}}},"48":{"name":"(anonymous_48)","line":502,"loc":{"start":{"line":502,"column":28},"end":{"line":502,"column":39}}},"49":{"name":"(anonymous_49)","line":515,"loc":{"start":{"line":515,"column":25},"end":{"line":515,"column":57}}},"50":{"name":"pauseResumeGlobal","line":529,"loc":{"start":{"line":529,"column":0},"end":{"line":529,"column":40}}},"51":{"name":"(anonymous_51)","line":548,"loc":{"start":{"line":548,"column":56},"end":{"line":548,"column":70}}},"52":{"name":"(anonymous_52)","line":555,"loc":{"start":{"line":555,"column":22},"end":{"line":555,"column":43}}},"53":{"name":"(anonymous_53)","line":559,"loc":{"start":{"line":559,"column":44},"end":{"line":559,"column":54}}},"54":{"name":"(anonymous_54)","line":579,"loc":{"start":{"line":579,"column":35},"end":{"line":579,"column":64}}},"55":{"name":"(anonymous_55)","line":589,"loc":{"start":{"line":589,"column":33},"end":{"line":589,"column":43}}},"56":{"name":"(anonymous_56)","line":590,"loc":{"start":{"line":590,"column":65},"end":{"line":590,"column":88}}},"57":{"name":"(anonymous_57)","line":597,"loc":{"start":{"line":597,"column":15},"end":{"line":597,"column":28}}},"58":{"name":"(anonymous_58)","line":610,"loc":{"start":{"line":610,"column":41},"end":{"line":610,"column":51}}},"59":{"name":"(anonymous_59)","line":613,"loc":{"start":{"line":613,"column":51},"end":{"line":613,"column":70}}},"60":{"name":"(anonymous_60)","line":614,"loc":{"start":{"line":614,"column":44},"end":{"line":614,"column":59}}},"61":{"name":"(anonymous_61)","line":615,"loc":{"start":{"line":615,"column":44},"end":{"line":615,"column":57}}},"62":{"name":"(anonymous_62)","line":620,"loc":{"start":{"line":620,"column":45},"end":{"line":620,"column":60}}},"63":{"name":"(anonymous_63)","line":621,"loc":{"start":{"line":621,"column":44},"end":{"line":621,"column":57}}},"64":{"name":"(anonymous_64)","line":627,"loc":{"start":{"line":627,"column":11},"end":{"line":627,"column":24}}},"65":{"name":"(anonymous_65)","line":632,"loc":{"start":{"line":632,"column":46},"end":{"line":632,"column":57}}},"66":{"name":"(anonymous_66)","line":640,"loc":{"start":{"line":640,"column":30},"end":{"line":640,"column":55}}},"67":{"name":"(anonymous_67)","line":645,"loc":{"start":{"line":645,"column":21},"end":{"line":645,"column":31}}},"68":{"name":"(anonymous_68)","line":649,"loc":{"start":{"line":649,"column":27},"end":{"line":649,"column":40}}},"69":{"name":"(anonymous_69)","line":659,"loc":{"start":{"line":659,"column":29},"end":{"line":659,"column":42}}},"70":{"name":"(anonymous_70)","line":678,"loc":{"start":{"line":678,"column":20},"end":{"line":678,"column":30}}},"71":{"name":"(anonymous_71)","line":679,"loc":{"start":{"line":679,"column":42},"end":{"line":679,"column":56}}},"72":{"name":"(anonymous_72)","line":687,"loc":{"start":{"line":687,"column":7},"end":{"line":687,"column":20}}},"73":{"name":"stopTimer","line":694,"loc":{"start":{"line":694,"column":2},"end":{"line":694,"column":22}}},"74":{"name":"handleCompleted","line":700,"loc":{"start":{"line":700,"column":2},"end":{"line":700,"column":32}}},"75":{"name":"(anonymous_75)","line":716,"loc":{"start":{"line":716,"column":42},"end":{"line":716,"column":52}}},"76":{"name":"handleFailed","line":721,"loc":{"start":{"line":721,"column":2},"end":{"line":721,"column":28}}},"77":{"name":"(anonymous_77)","line":726,"loc":{"start":{"line":726,"column":68},"end":{"line":726,"column":83}}},"78":{"name":"(anonymous_78)","line":730,"loc":{"start":{"line":730,"column":14},"end":{"line":730,"column":24}}},"79":{"name":"(anonymous_79)","line":733,"loc":{"start":{"line":733,"column":7},"end":{"line":733,"column":20}}},"80":{"name":"(anonymous_80)","line":740,"loc":{"start":{"line":740,"column":28},"end":{"line":740,"column":44}}},"81":{"name":"(anonymous_81)","line":759,"loc":{"start":{"line":759,"column":29},"end":{"line":759,"column":43}}},"82":{"name":"(anonymous_82)","line":765,"loc":{"start":{"line":765,"column":11},"end":{"line":765,"column":25}}},"83":{"name":"(anonymous_83)","line":773,"loc":{"start":{"line":773,"column":13},"end":{"line":773,"column":27}}},"84":{"name":"(anonymous_84)","line":783,"loc":{"start":{"line":783,"column":24},"end":{"line":783,"column":34}}},"85":{"name":"(anonymous_85)","line":792,"loc":{"start":{"line":792,"column":26},"end":{"line":792,"column":51}}},"86":{"name":"(anonymous_86)","line":805,"loc":{"start":{"line":805,"column":47},"end":{"line":805,"column":58}}},"87":{"name":"(anonymous_87)","line":815,"loc":{"start":{"line":815,"column":19},"end":{"line":815,"column":34}}},"88":{"name":"(anonymous_88)","line":821,"loc":{"start":{"line":821,"column":68},"end":{"line":821,"column":78}}},"89":{"name":"(anonymous_89)","line":825,"loc":{"start":{"line":825,"column":5},"end":{"line":825,"column":18}}},"90":{"name":"(anonymous_90)","line":832,"loc":{"start":{"line":832,"column":25},"end":{"line":832,"column":40}}},"91":{"name":"(anonymous_91)","line":841,"loc":{"start":{"line":841,"column":37},"end":{"line":841,"column":48}}},"92":{"name":"(anonymous_92)","line":848,"loc":{"start":{"line":848,"column":16},"end":{"line":848,"column":31}}},"93":{"name":"(anonymous_93)","line":866,"loc":{"start":{"line":866,"column":27},"end":{"line":866,"column":40}}},"94":{"name":"(anonymous_94)","line":867,"loc":{"start":{"line":867,"column":19},"end":{"line":867,"column":31}}},"95":{"name":"(anonymous_95)","line":869,"loc":{"start":{"line":869,"column":14},"end":{"line":869,"column":29}}},"96":{"name":"(anonymous_96)","line":879,"loc":{"start":{"line":879,"column":31},"end":{"line":879,"column":41}}},"97":{"name":"(anonymous_97)","line":888,"loc":{"start":{"line":888,"column":17},"end":{"line":888,"column":33}}},"98":{"name":"(anonymous_98)","line":889,"loc":{"start":{"line":889,"column":21},"end":{"line":889,"column":41}}},"99":{"name":"(anonymous_99)","line":896,"loc":{"start":{"line":896,"column":36},"end":{"line":896,"column":47}}},"100":{"name":"(anonymous_100)","line":900,"loc":{"start":{"line":900,"column":33},"end":{"line":900,"column":44}}},"101":{"name":"(anonymous_101)","line":904,"loc":{"start":{"line":904,"column":34},"end":{"line":904,"column":45}}},"102":{"name":"(anonymous_102)","line":908,"loc":{"start":{"line":908,"column":33},"end":{"line":908,"column":44}}},"103":{"name":"(anonymous_103)","line":912,"loc":{"start":{"line":912,"column":34},"end":{"line":912,"column":45}}},"104":{"name":"(anonymous_104)","line":916,"loc":{"start":{"line":916,"column":33},"end":{"line":916,"column":44}}},"105":{"name":"(anonymous_105)","line":920,"loc":{"start":{"line":920,"column":29},"end":{"line":920,"column":53}}},"106":{"name":"(anonymous_106)","line":923,"loc":{"start":{"line":923,"column":43},"end":{"line":923,"column":68}}},"107":{"name":"(anonymous_107)","line":928,"loc":{"start":{"line":928,"column":28},"end":{"line":928,"column":52}}},"108":{"name":"(anonymous_108)","line":932,"loc":{"start":{"line":932,"column":29},"end":{"line":932,"column":53}}},"109":{"name":"(anonymous_109)","line":936,"loc":{"start":{"line":936,"column":31},"end":{"line":936,"column":41}}},"110":{"name":"(anonymous_110)","line":940,"loc":{"start":{"line":940,"column":28},"end":{"line":940,"column":38}}},"111":{"name":"(anonymous_111)","line":944,"loc":{"start":{"line":944,"column":26},"end":{"line":944,"column":63}}},"112":{"name":"(anonymous_112)","line":957,"loc":{"start":{"line":957,"column":44},"end":{"line":957,"column":61}}},"113":{"name":"(anonymous_113)","line":972,"loc":{"start":{"line":972,"column":19},"end":{"line":972,"column":35}}},"114":{"name":"(anonymous_114)","line":978,"loc":{"start":{"line":978,"column":27},"end":{"line":978,"column":41}}},"115":{"name":"(anonymous_115)","line":982,"loc":{"start":{"line":982,"column":24},"end":{"line":982,"column":43}}},"116":{"name":"(anonymous_116)","line":996,"loc":{"start":{"line":996,"column":24},"end":{"line":996,"column":54}}},"117":{"name":"(anonymous_117)","line":999,"loc":{"start":{"line":999,"column":21},"end":{"line":999,"column":48}}},"118":{"name":"(anonymous_118)","line":1017,"loc":{"start":{"line":1017,"column":79},"end":{"line":1017,"column":95}}},"119":{"name":"(anonymous_119)","line":1021,"loc":{"start":{"line":1021,"column":13},"end":{"line":1021,"column":28}}},"120":{"name":"(anonymous_120)","line":1033,"loc":{"start":{"line":1033,"column":42},"end":{"line":1033,"column":52}}},"121":{"name":"(anonymous_121)","line":1037,"loc":{"start":{"line":1037,"column":21},"end":{"line":1037,"column":39}}},"122":{"name":"(anonymous_122)","line":1041,"loc":{"start":{"line":1041,"column":32},"end":{"line":1041,"column":42}}},"123":{"name":"getRedisVersion","line":1063,"loc":{"start":{"line":1063,"column":22},"end":{"line":1063,"column":54}}},"124":{"name":"(anonymous_124)","line":1064,"loc":{"start":{"line":1064,"column":28},"end":{"line":1064,"column":41}}}},"statementMap":{"1":{"start":{"line":4,"column":0},"end":{"line":4,"column":31}},"2":{"start":{"line":5,"column":0},"end":{"line":5,"column":37}},"3":{"start":{"line":6,"column":0},"end":{"line":6,"column":27}},"4":{"start":{"line":7,"column":0},"end":{"line":7,"column":31}},"5":{"start":{"line":8,"column":0},"end":{"line":8,"column":25}},"6":{"start":{"line":9,"column":0},"end":{"line":9,"column":27}},"7":{"start":{"line":10,"column":0},"end":{"line":10,"column":35}},"8":{"start":{"line":11,"column":0},"end":{"line":11,"column":46}},"9":{"start":{"line":12,"column":0},"end":{"line":12,"column":26}},"10":{"start":{"line":13,"column":0},"end":{"line":13,"column":34}},"11":{"start":{"line":14,"column":0},"end":{"line":14,"column":31}},"12":{"start":{"line":15,"column":0},"end":{"line":15,"column":43}},"13":{"start":{"line":46,"column":0},"end":{"line":46,"column":37}},"14":{"start":{"line":47,"column":0},"end":{"line":47,"column":25}},"15":{"start":{"line":48,"column":0},"end":{"line":48,"column":40}},"16":{"start":{"line":51,"column":0},"end":{"line":51,"column":38}},"17":{"start":{"line":55,"column":0},"end":{"line":55,"column":30}},"18":{"start":{"line":57,"column":0},"end":{"line":57,"column":35}},"19":{"start":{"line":58,"column":0},"end":{"line":58,"column":28}},"20":{"start":{"line":60,"column":0},"end":{"line":60,"column":32}},"21":{"start":{"line":61,"column":0},"end":{"line":61,"column":28}},"22":{"start":{"line":62,"column":0},"end":{"line":62,"column":30}},"23":{"start":{"line":64,"column":0},"end":{"line":64,"column":41}},"24":{"start":{"line":66,"column":0},"end":{"line":273,"column":2}},"25":{"start":{"line":67,"column":2},"end":{"line":69,"column":3}},"26":{"start":{"line":68,"column":4},"end":{"line":68,"column":63}},"27":{"start":{"line":71,"column":2},"end":{"line":95,"column":3}},"28":{"start":{"line":72,"column":4},"end":{"line":72,"column":25}},"29":{"start":{"line":73,"column":4},"end":{"line":73,"column":37}},"30":{"start":{"line":74,"column":4},"end":{"line":74,"column":31}},"31":{"start":{"line":75,"column":4},"end":{"line":75,"column":31}},"32":{"start":{"line":76,"column":4},"end":{"line":76,"column":40}},"33":{"start":{"line":77,"column":4},"end":{"line":77,"column":51}},"34":{"start":{"line":78,"column":9},"end":{"line":95,"column":3}},"35":{"start":{"line":79,"column":4},"end":{"line":79,"column":36}},"36":{"start":{"line":80,"column":4},"end":{"line":80,"column":39}},"37":{"start":{"line":81,"column":9},"end":{"line":95,"column":3}},"38":{"start":{"line":82,"column":4},"end":{"line":94,"column":5}},"39":{"start":{"line":83,"column":6},"end":{"line":83,"column":42}},"40":{"start":{"line":84,"column":6},"end":{"line":85,"column":48}},"41":{"start":{"line":86,"column":6},"end":{"line":86,"column":38}},"42":{"start":{"line":87,"column":6},"end":{"line":87,"column":32}},"43":{"start":{"line":88,"column":6},"end":{"line":88,"column":36}},"44":{"start":{"line":89,"column":6},"end":{"line":91,"column":7}},"45":{"start":{"line":90,"column":8},"end":{"line":90,"column":60}},"46":{"start":{"line":93,"column":6},"end":{"line":93,"column":33}},"47":{"start":{"line":97,"column":2},"end":{"line":97,"column":36}},"48":{"start":{"line":99,"column":2},"end":{"line":107,"column":3}},"49":{"start":{"line":100,"column":4},"end":{"line":100,"column":15}},"50":{"start":{"line":101,"column":4},"end":{"line":105,"column":5}},"51":{"start":{"line":102,"column":6},"end":{"line":102,"column":47}},"52":{"start":{"line":104,"column":6},"end":{"line":104,"column":61}},"53":{"start":{"line":106,"column":4},"end":{"line":106,"column":18}},"54":{"start":{"line":109,"column":2},"end":{"line":109,"column":32}},"55":{"start":{"line":110,"column":2},"end":{"line":110,"column":39}},"56":{"start":{"line":112,"column":2},"end":{"line":112,"column":19}},"57":{"start":{"line":114,"column":2},"end":{"line":114,"column":19}},"58":{"start":{"line":115,"column":2},"end":{"line":115,"column":52}},"59":{"start":{"line":121,"column":2},"end":{"line":121,"column":32}},"60":{"start":{"line":126,"column":2},"end":{"line":126,"column":39}},"61":{"start":{"line":128,"column":2},"end":{"line":134,"column":5}},"62":{"start":{"line":129,"column":4},"end":{"line":131,"column":5}},"63":{"start":{"line":130,"column":6},"end":{"line":130,"column":115}},"64":{"start":{"line":133,"column":4},"end":{"line":133,"column":29}},"65":{"start":{"line":139,"column":2},"end":{"line":139,"column":31}},"66":{"start":{"line":140,"column":2},"end":{"line":142,"column":3}},"67":{"start":{"line":141,"column":4},"end":{"line":141,"column":64}},"68":{"start":{"line":143,"column":2},"end":{"line":147,"column":4}},"69":{"start":{"line":148,"column":2},"end":{"line":148,"column":53}},"70":{"start":{"line":153,"column":2},"end":{"line":153,"column":39}},"71":{"start":{"line":158,"column":2},"end":{"line":158,"column":44}},"72":{"start":{"line":160,"column":2},"end":{"line":160,"column":25}},"73":{"start":{"line":161,"column":2},"end":{"line":161,"column":22}},"74":{"start":{"line":162,"column":2},"end":{"line":162,"column":22}},"75":{"start":{"line":164,"column":2},"end":{"line":164,"column":41}},"76":{"start":{"line":165,"column":2},"end":{"line":165,"column":37}},"77":{"start":{"line":166,"column":2},"end":{"line":166,"column":63}},"78":{"start":{"line":167,"column":2},"end":{"line":167,"column":53}},"79":{"start":{"line":170,"column":2},"end":{"line":172,"column":5}},"80":{"start":{"line":171,"column":4},"end":{"line":171,"column":56}},"81":{"start":{"line":177,"column":2},"end":{"line":177,"column":35}},"82":{"start":{"line":180,"column":2},"end":{"line":185,"column":5}},"83":{"start":{"line":181,"column":4},"end":{"line":184,"column":7}},"84":{"start":{"line":182,"column":6},"end":{"line":182,"column":36}},"85":{"start":{"line":183,"column":6},"end":{"line":183,"column":35}},"86":{"start":{"line":187,"column":2},"end":{"line":197,"column":5}},"87":{"start":{"line":188,"column":4},"end":{"line":191,"column":6}},"88":{"start":{"line":193,"column":4},"end":{"line":193,"column":36}},"89":{"start":{"line":194,"column":4},"end":{"line":194,"column":24}},"90":{"start":{"line":196,"column":4},"end":{"line":196,"column":52}},"91":{"start":{"line":199,"column":2},"end":{"line":199,"column":52}},"92":{"start":{"line":204,"column":2},"end":{"line":204,"column":29}},"93":{"start":{"line":205,"column":2},"end":{"line":205,"column":28}},"94":{"start":{"line":206,"column":2},"end":{"line":206,"column":31}},"95":{"start":{"line":207,"column":2},"end":{"line":207,"column":28}},"96":{"start":{"line":208,"column":2},"end":{"line":208,"column":29}},"97":{"start":{"line":209,"column":2},"end":{"line":209,"column":29}},"98":{"start":{"line":210,"column":2},"end":{"line":210,"column":28}},"99":{"start":{"line":211,"column":2},"end":{"line":211,"column":30}},"100":{"start":{"line":213,"column":2},"end":{"line":225,"column":3}},"101":{"start":{"line":214,"column":4},"end":{"line":214,"column":44}},"102":{"start":{"line":215,"column":4},"end":{"line":224,"column":13}},"103":{"start":{"line":216,"column":6},"end":{"line":216,"column":55}},"104":{"start":{"line":218,"column":6},"end":{"line":220,"column":7}},"105":{"start":{"line":219,"column":8},"end":{"line":219,"column":47}},"106":{"start":{"line":222,"column":6},"end":{"line":222,"column":42}},"107":{"start":{"line":223,"column":6},"end":{"line":223,"column":36}},"108":{"start":{"line":230,"column":2},"end":{"line":230,"column":42}},"109":{"start":{"line":231,"column":2},"end":{"line":231,"column":40}},"110":{"start":{"line":232,"column":2},"end":{"line":238,"column":5}},"111":{"start":{"line":233,"column":4},"end":{"line":237,"column":5}},"112":{"start":{"line":234,"column":6},"end":{"line":234,"column":38}},"113":{"start":{"line":235,"column":10},"end":{"line":237,"column":5}},"114":{"start":{"line":236,"column":6},"end":{"line":236,"column":26}},"115":{"start":{"line":243,"column":2},"end":{"line":243,"column":43}},"116":{"start":{"line":244,"column":2},"end":{"line":248,"column":5}},"117":{"start":{"line":245,"column":4},"end":{"line":247,"column":5}},"118":{"start":{"line":246,"column":6},"end":{"line":246,"column":40}},"119":{"start":{"line":254,"column":2},"end":{"line":264,"column":23}},"120":{"start":{"line":255,"column":4},"end":{"line":263,"column":5}},"121":{"start":{"line":256,"column":6},"end":{"line":262,"column":9}},"122":{"start":{"line":257,"column":8},"end":{"line":259,"column":9}},"123":{"start":{"line":258,"column":10},"end":{"line":258,"column":44}},"124":{"start":{"line":261,"column":8},"end":{"line":261,"column":27}},"125":{"start":{"line":268,"column":2},"end":{"line":268,"column":71}},"126":{"start":{"line":269,"column":2},"end":{"line":269,"column":47}},"127":{"start":{"line":270,"column":2},"end":{"line":270,"column":49}},"128":{"start":{"line":271,"column":2},"end":{"line":271,"column":47}},"129":{"start":{"line":272,"column":2},"end":{"line":272,"column":50}},"130":{"start":{"line":275,"column":0},"end":{"line":275,"column":32}},"131":{"start":{"line":277,"column":0},"end":{"line":282,"column":1}},"132":{"start":{"line":278,"column":2},"end":{"line":278,"column":19}},"133":{"start":{"line":279,"column":2},"end":{"line":281,"column":5}},"134":{"start":{"line":280,"column":4},"end":{"line":280,"column":17}},"135":{"start":{"line":284,"column":0},"end":{"line":286,"column":2}},"136":{"start":{"line":285,"column":2},"end":{"line":285,"column":42}},"137":{"start":{"line":288,"column":0},"end":{"line":291,"column":2}},"138":{"start":{"line":289,"column":2},"end":{"line":289,"column":57}},"139":{"start":{"line":290,"column":2},"end":{"line":290,"column":73}},"140":{"start":{"line":296,"column":0},"end":{"line":305,"column":1}},"141":{"start":{"line":297,"column":2},"end":{"line":297,"column":51}},"142":{"start":{"line":300,"column":2},"end":{"line":300,"column":30}},"143":{"start":{"line":303,"column":2},"end":{"line":303,"column":38}},"144":{"start":{"line":304,"column":2},"end":{"line":304,"column":56}},"145":{"start":{"line":307,"column":0},"end":{"line":313,"column":2}},"146":{"start":{"line":308,"column":2},"end":{"line":308,"column":51}},"147":{"start":{"line":309,"column":2},"end":{"line":309,"column":57}},"148":{"start":{"line":310,"column":2},"end":{"line":310,"column":19}},"149":{"start":{"line":311,"column":2},"end":{"line":311,"column":60}},"150":{"start":{"line":311,"column":31},"end":{"line":311,"column":56}},"151":{"start":{"line":312,"column":2},"end":{"line":312,"column":14}},"152":{"start":{"line":315,"column":0},"end":{"line":319,"column":2}},"153":{"start":{"line":316,"column":2},"end":{"line":316,"column":51}},"154":{"start":{"line":317,"co
[...]
ys[3],","      queue.toKey(''),","      delayedTimestamp","    ];","","    return execScript.apply(scripts, args);","  },","","  /**","   * Looks for unlocked jobs in the active queue. There are two circumstances in which a job","   * would be in 'active' but NOT have a job lock:","   *","   *  Case A) The job was being worked on, but the worker process died and it failed to renew the lock.","   *    We call these jobs 'stalled'. This is the most common case. We resolve these by moving them","   *    back to wait to be re-processed. To prevent jobs from cycling endlessly between active and wait,","   *    (e.g. if the job handler keeps crashing), we limit the number stalled job recoveries to MAX_STALLED_JOB_COUNT.","","   *  Case B) The job was just moved to 'active' from 'wait' and the worker that moved it hasn't gotten","   *    a lock yet, or died immediately before getting the lock (note that due to Redis limitations, the","   *    worker can't move the job and get the lock atomically - https://github.com/OptimalBits/bull/issues/258).","   *    For this case we also move the job back to 'wait' for reprocessing, but don't consider it 'stalled'","   *    since the job had never been started. This case is much rarer than Case A due to the very small","   *    timing window in which it must occur.","   */","  moveUnlockedJobsToWait: function(queue){","    var script = [","      'local MAX_STALLED_JOB_COUNT = tonumber(ARGV[1])',","      'local activeJobs = redis.call(\"LRANGE\", KEYS[1], 0, -1)',","      'local stalled = {}',","      'local failed = {}',","      'for _, job in ipairs(activeJobs) do',","      ' local jobKey = ARGV[2] .. job',","      ' if(redis.call(\"EXISTS\", jobKey .. \":lock\") == 0) then',","      //  Remove from the active queue.","      '   redis.call(\"LREM\", KEYS[1], 1, job)',","      '   local lockAcquired = redis.call(\"HGET\", jobKey, \"lockAcquired\")',","      '   if(lockAcquired) then',","      //    If it was previously locked then we consider it 'stalled' (Case A above). If this job","      //    has been stalled too many times, such as if it crashes the worker, then fail it.","      '     local stalledCount = redis.call(\"HINCRBY\", jobKey, \"stalledCounter\", 1)',","      '     if(stalledCount > MAX_STALLED_JOB_COUNT) then',","      '       redis.call(\"SADD\", KEYS[3], job)',","      '       redis.call(\"HSET\", jobKey, \"failedReason\", \"job stalled more than allowable limit\")',","      '       table.insert(failed, job)',","      '     else',","      //      Move the job back to the wait queue, to immediately be picked up by a waiting worker.","      '       redis.call(\"RPUSH\", KEYS[2], job)',","      '       table.insert(stalled, job)',","      '     end',","      '   else',","      //    Move the job back to the wait queue, to immediately be picked up by a waiting worker.","      '     redis.call(\"RPUSH\", KEYS[2], job)',","      '   end',","      ' end',","      'end',","      'return {failed, stalled}'","    ].join('\\n');","","    var args = [","      queue.client,","      'moveUnlockedJobsToWait',","      script,","      3,","      queue.toKey('active'),","      queue.toKey('wait'),","      queue.toKey('failed'),","      queue.MAX_STALLED_JOB_COUNT,","      queue.toKey('')","    ];","","    return execScript.apply(scripts, args);","  },","","  cleanJobsInSet: function(queue, set, ts, limit) {","    var command;","    var removeCommand;","    var breakEarlyCommand = '';","    var hash;","    limit = limit || 0;","","    switch(set) {","      case 'completed':","      case 'failed':","        command = 'local jobs = redis.call(\"SMEMBERS\", KEYS[1])';","        removeCommand = 'redis.call(\"SREM\", KEYS[1], job)';","        hash = 'cleanSet';","        break;","      case 'wait':","      case 'active':","      case 'paused':","        command = 'local jobs = redis.call(\"LRANGE\", KEYS[1], 0, -1)';","        removeCommand = 'redis.call(\"LREM\", KEYS[1], 0, job)';","        hash = 'cleanList';","        break;","      case 'delayed':","        command = 'local jobs = redis.call(\"ZRANGE\", KEYS[1], 0, -1)';","        removeCommand = 'redis.call(\"ZREM\", KEYS[1], job)';","        hash = 'cleanOSet';","        break;","    }","","    if(limit > 0) {","      breakEarlyCommand = [","        'if deletedCount >= limit then',","        '  break',","        'end',","      ].join('\\n');","","      hash = hash + 'WithLimit';","    }","","    var script = [","      command,","      'local deleted = {}',","      'local deletedCount = 0',","      'local limit = tonumber(ARGV[3])',","      'local jobTS',","      'for _, job in ipairs(jobs) do',","      breakEarlyCommand,","      '  local jobKey = ARGV[1] .. job',","      '  if (redis.call(\"EXISTS\", jobKey ..  \":lock\") == 0) then',","      '    jobTS = redis.call(\"HGET\", jobKey, \"timestamp\")',","      '    if(not jobTS or jobTS < ARGV[2]) then',","      removeCommand,","      '      redis.call(\"DEL\", jobKey)',","      '      deletedCount = deletedCount + 1',","      '      table.insert(deleted, job)',","      '    end',","      '  end',","      'end',","      'return deleted'","    ].join('\\n');","","    var args = [","      queue.client,","      hash,","      script,","      1,","      queue.toKey(set),","      queue.toKey(''),","      ts,","      limit","    ];","","    return execScript.apply(scripts, args);","  },","","  /**","   * Attempts to reprocess a job","   *","   * @param {Job} job","   * @param {Object} options","   * @param {String} options.state The expected job state. If the job is not found","   * on the provided state, then it's not reprocessed. Supported states: 'failed', 'completed'","   *","   * @return {Promise<Number>} Returns a promise that evaluates to a return code:","   * 1 means the operation was a success","   * 0 means the job does not exist","   * -1 means the job is currently locked and can't be retried.","   * -2 means the job was not found in the expected set","   */","  reprocessJob: function(job, options) {","    var push = (job.opts.lifo ? 'R' : 'L') + 'PUSH';","","    var script = [","      'if (redis.call(\"EXISTS\", KEYS[1]) == 1) then',","      '  if (redis.call(\"EXISTS\", KEYS[2]) == 0) then',","      '    if (redis.call(\"SREM\", KEYS[3], ARGV[1]) == 1) then',","      '      redis.call(\"' + push + '\", KEYS[4], ARGV[1])',","      '      redis.call(\"PUBLISH\", KEYS[5], ARGV[1])',","      '      return 1',","      '    else',","      '      return -2',","      '    end',","      '  else',","      '    return -1',","      '  end',","      'else',","      '  return 0',","      'end'","    ].join('\\n');","","    var queue = job.queue;","","    var keys = [","      queue.toKey(job.jobId),","      queue.toKey(job.jobId) + ':lock',","      queue.toKey(options.state),","      queue.toKey('wait'),","      queue.toKey('jobs')","    ];","","    var args = [","      queue.client,","      'retryJob',","      script,","      5,","      keys[0],","      keys[1],","      keys[2],","      keys[3],","      keys[4],","      job.jobId","    ];","","    return execScript.apply(scripts, args);","  }","};","","/*","Queue.prototype.empty = function(){","  var _this = this;","","  // Get all jobids and empty all lists atomically.","  var multi = this.multi();","","  multi.lrange(this.toKey('wait'), 0, -1);","  multi.lrange(this.toKey('paused'), 0, -1);","  multi.del(this.toKey('wait'));","  multi.del(this.toKey('paused'));","  multi.del(this.toKey('meta-paused'));","  multi.del(this.toKey('delayed'));","","  return multi.exec().spread(function(waiting, paused){","    var jobKeys = (paused.concat(waiting)).map(_this.toKey, _this);","","    if(jobKeys.length){","      multi = _this.multi();","","      multi.del.apply(multi, jobKeys);","      return multi.exec();","    }","  });","};","*/","/**"," * KEYS:"," * 0 - wait"," * 1 - paused"," * 2 - meta-paused"," * 3 - delayed"," */","var emptyScript = [","","]","","  // this lua script takes three keys and two arguments","  // keys:","  //  - the expanded key for the active set","  //  - the expanded key for the destination set","  //  - the expanded key for the job","  //","  // arguments:","  //  - json serialized context which is:","  //     - delayedTimestamp when the destination set is 'delayed'","  //     - stacktrace when the destination set is 'failed'","  //     - returnvalue of the handler when the destination set is 'completed'","  //  - the id of the job","  //","  // it checks whether KEYS[2] the destination set ends with 'delayed', 'completed'","  // or 'failed'. And then adds the context to the jobhash and adds the job to","  // the destination set. Finally it removes the job from the active list.","  //","  // it returns either 0 for success or -1 for failure.","var moveToSetScript = [","  'if redis.call(\"EXISTS\", KEYS[3]) == 1 then',","  ' if string.find(KEYS[2], \"delayed$\") ~= nil then',","  ' local score = tonumber(ARGV[1])',","  '  if score ~= 0 then',","  '   redis.call(\"ZADD\", KEYS[2], score, ARGV[2])',","  '   redis.call(\"PUBLISH\", KEYS[2], (score / 0x1000))',","  '  else',","  '   redis.call(\"SADD\", KEYS[2], ARGV[2])',","  '  end',","  ' elseif string.find(KEYS[2], \"completed$\") ~= nil then',","  '  redis.call(\"HSET\", KEYS[3], \"returnvalue\", ARGV[1])',","  '  redis.call(\"SADD\", KEYS[2], ARGV[2])',","  ' elseif string.find(KEYS[2], \"failed$\") ~= nil then',","  '  redis.call(\"SADD\", KEYS[2], ARGV[2])',","  ' else',","  '  return -1',","  ' end',","  ' redis.call(\"LREM\", KEYS[1], 0, ARGV[2])',","  ' return 0',","  'else',","  ' return -1',","  'end'","  ].join('\\n');","","module.exports = scripts;",""],"l":{"10":1,"11":1,"12":1,"13":1,"15":1,"16":0,"18":0,"20":0,"21":0,"24":0,"27":1,"28":0,"31":1,"33":0,"34":0,"35":0,"36":0,"50":0,"51":0,"55":0,"56":0,"58":0,"59":0,"61":0,"62":0,"63":0,"64":0,"66":0,"75":0,"77":0,"78":0,"80":0,"82":0,"83":0,"86":0,"95":0,"96":0,"97":0,"104":0,"105":0,"107":0,"108":0,"109":0,"110":0,"111":0,"116":0,"126":0,"127":0,"129":0,"130":0,"136":0,"147":0,"154":0,"155":0,"156":0,"157":0,"158":0,"159":0,"161":0,"169":0,"174":0,"178":0,"180":0,"185":0,"195":0,"207":0,"208":0,"210":0,"211":0,"212":0,"216":0,"219":0,"221":0,"222":0,"224":0,"227":0,"229":0,"234":0,"245":0,"247":0,"248":0,"249":0,"250":0,"251":0,"255":0,"260":0,"264":0,"276":0,"277":0,"278":0,"283":0,"292":0,"300":0,"304":0,"319":0,"332":0,"333":0,"334":0,"336":0,"337":0,"339":0,"340":0,"343":0,"344":0,"345":0,"346":0,"347":0,"348":0,"350":0,"360":0,"362":0,"365":0,"369":0,"370":0,"376":0,"377":0,"378":0,"380":0,"387":0,"409":0,"414":0,"417":0,"430":0,"450":0,"483":0,"495":0,"499":0,"500":0,"501":0,"502":0,"503":0,"505":0,"508":0,"509":0,"510":0,"511":0,"515":0,"516":0,"517":0,"518":0,"520":0,"521":0,"522":0,"523":0,"526":0,"527":0,"533":0,"536":0,"558":0,"569":0,"587":0,"589":0,"607":0,"609":0,"617":0,"630":0,"667":1,"689":1,"714":1}},"/home/travis/build/npmtest/node-npmtest-bull/bull/lib/timer-manager.js":{"path":"/home/travis/build/npmtest/node-npmtest-bull/bull/lib/timer-manager.js","s":{"1":1,"2":1,"3":1,"4":1,"5":0,"6":0,"7":0,"8":1,"9":0,"10":0,"11":0,"12":0,"13":0,"14":0,"15":0,"16":0,"17":0,"18":0,"19":1,"20":0,"21":0,"22":0,"23":0,"24":0,"25":0,"26":0,"27":0,"28":0,"29":0,"30":1,"31":0,"32":0,"33":0,"34":1,"35":0,"36":0,"37":0,"38":0,"39":0,"40":1},"b":{"1":[0,0],"2":[0,0],"3":[0,0],"4":[0,0]},"f":{"1":0,"2":0,"3":0,"4":0,"5":0,"6":0,"7":0,"8":0},"fnMap":{"1":{"name":"TimerManager","line":59,"loc":{"start":{"line":59,"column":0},"end":{"line":59,"column":23}}},"2":{"name":"(anonymous_2)","line":75,"loc":{"start":{"line":75,"column":29},"end":{"line":75,"column":54}}},"3":{"name":"(anonymous_3)","line":78,"loc":{"start":{"line":78,"column":25},"end":{"line":78,"column":61}}},"4":{"name":"(anonymous_4)","line":106,"loc":{"start":{"line":106,"column":31},"end":{"line":106,"column":43}}},"5":{"name":"(anonymous_5)","line":122,"loc":{"start":{"line":122,"column":34},"end":{"line":122,"column":44}}},"6":{"name":"(anonymous_6)","line":124,"loc":{"start":{"line":124,"column":22},"end":{"line":124,"column":41}}},"7":{"name":"(anonymous_7)","line":132,"loc":{"start":{"line":132,"column":34},"end":{"line":132,"column":45}}},"8":{"name":"(anonymous_8)","line":134,"loc":{"start":{"line":134,"column":21},"end":{"line":134,"column":38}}}},"statementMap":{"1":{"start":{"line":4,"column":0},"end":{"line":4,"column":34}},"2":{"start":{"line":5,"column":0},"end":{"line":5,"column":26}},"3":{"start":{"line":6,"column":0},"end":{"line":6,"column":27}},"4":{"start":{"line":59,"column":0},"end":{"line":63,"column":1}},"5":{"start":{"line":60,"column":2},"end":{"line":60,"column":19}},"6":{"start":{"line":61,"column":2},"end":{"line":61,"column":22}},"7":{"start":{"line":62,"column":2},"end":{"line":62,"column":19}},"8":{"start":{"line":75,"column":0},"end":{"line":98,"column":2}},"9":{"start":{"line":76,"column":2},"end":{"line":76,"column":21}},"10":{"start":{"line":77,"column":2},"end":{"line":77,"column":23}},"11":{"start":{"line":78,"column":2},"end":{"line":85,"column":22}},"12":{"start":{"line":79,"column":4},"end":{"line":79,"column":35}},"13":{"start":{"line":80,"column":4},"end":{"line":84,"column":5}},"14":{"start":{"line":81,"column":6},"end":{"line":81,"column":11}},"15":{"start":{"line":83,"column":6},"end":{"line":83,"column":25}},"16":{"start":{"line":90,"column":2},"end":{"line":94,"column":4}},"17":{"start":{"line":96,"column":2},"end":{"line":96,"column":20}},"18":{"start":{"line":97,"column":2},"end":{"line":97,"column":12}},"19":{"start":{"line":106,"column":0},"end":{"line":120,"column":2}},"20":{"start":{"line":107,"column":2},"end":{"line":107,"column":27}},"21":{"start":{"line":108,"column":2},"end":{"line":108,"column":25}},"22":{"start":{"line":109,"column":2},"end":{"line":111,"column":3}},"23":{"start":{"line":110,"column":4},"end":{"line":110,"column":11}},"24":{"start":{"line":112,"column":2},"end":{"line":112,"column":28}},"25":{"start":{"line":113,"column":2},"end":{"line":113,"column":20}},"26":{"start":{"line":114,"column":2},"end":{"line":119,"column":3}},"27":{"start":{"line":115,"column":4},"end":{"line":117,"column":5}},"28":{"start":{"line":116,"column":6},"end":{"line":116,"column":29}},"29":{"start":{"line":118,"column":4},"end":{"line":118,"column":21}},"30":{"start":{"line":122,"column":0},"end":{"line":127,"column":2}},"31":{"start":{"line":123,"column":2},"end":{"line":123,"column":19}},"32":{"start":{"line":124,"column":2},"end":{"line":126,"column":5}},"33":{"start":{"line":125,"column":4},"end":{"line":125,"column":20}},"34":{"start":{"line":132,"column":0},"end":{"line":141,"column":2}},"35":{"start":{"line":133,"column":2},"end":{"line":133,"column":19}},"36":{"start":{"line":134,"column":2},"end":{"line":140,"column":5}},"37":{"start":{"line":135,"column":4},"end":{"line":139,"column":5}},"38":{"start":{"line":136,"column":6},"end":{"line":136,"column":16}},"39":{"start":{"line":138,"column":6},"end":{"line":138,"column":39}},"40":{"start":{"line":143,"column":0},"end":{"line":143,"column":30}}},"branchMap":{"1":{"line":109,"type":"if","locations":[{"start":{"line":109,"column":2},"end":{"line":109,"column":2}},{"start":{"line":109,"column":2},"end":{"line":109,"column":2}}]},"2":{"line":114,"type":"if","locations":[{"start":{"line":114,"column":2},"end":{"line":114,"column":2}},{"start":{"line":114,"column":2},"end":{"line":114,"column":2}}]},"3":{"line":114,"type":"binary-expr","locations":[{"start":{"line":114,"column":5},"end":{"line":114,"column":15}},{"start":{"line":114,"column":20},"end":{"line":114,"column":40}}]},"4":{"line":135,"type":"if","locations":[{"start":{"line":135,"column":4},"end":{"line":135,"column":4}},{"start":{"line":135,"column":4},"end":{"line":135,"column":4}}]}},"code":["/*eslint-env node */","'use strict';","","var Promise = require('bluebird');","var _ = require('lodash');","var uuid = require('uuid');","","/**","  Timer Manager","","  Keep track of timers to ensure that disconnect() is","  only called (via close()) at a time when it's safe","  to do so.","","  Queues currently use two timers:","","    - The first one is used for delayed jobs and is","    preemptible i.e. it is possible to close a queue","    while delayed jobs are still pending (they will","    be processed when the queue is resumed). This timer","    is cleared by close() and is not managed here.","","    - The second one is used to lock Redis while","    processing jobs. These timers are short-lived,","    and there can be more than one active at a","    time.","","  The lock timer executes Redis commands, which","  means we can't close queues while it's active i.e.","  this won't work:","","    queue.process(function (job, jobDone) {","      handle(job);","      queue.disconnect().then(jobDone);","    })","","  The disconnect() call closes the Redis connections; then, when","  a queue tries to perform the scheduled Redis commands,","  they block until a Redis connection becomes available...","","  The solution is to close the Redis connections when there are no","  active timers i.e. when the queue is idle. This helper class keeps","  track of the active timers and executes any queued listeners","  whenever that count goes to zero.","","  Since disconnect() simply can't work if there are active handles,","  its close() wrapper postpones closing the Redis connections","  until the next idle state. This means that close() can safely","  be called from anywhere at any time, even from within a job","  handler:","","    queue.process(function (job, jobDone) {","      handle(job);","      queue.close();","      jobDone();","    })","*/","","function TimerManager(){","  this.idle = true;","  this.listeners = [];","  this.timers = {};","}","","/**","  Create a new timer (setTimeout).","","  Expired timers are automatically cleared","","  @param {String} name - Name of a timer key. Used only for debugging.","  @param {Number} delay - delay of timeout","  @param {Function} fn - Function to execute after delay","  @returns {Number} id - The timer id. Used to clear the timer","*/","TimerManager.prototype.set = function(name, delay, fn){","  var id = uuid.v4();","  var now = Date.now();","  var timer = setTimeout(function (timerInstance, timeoutId) {","    timerInstance.clear(timeoutId);","    try{","      fn();","    }catch(err){","      console.error(err);","    }","  }, delay, this, id);","","  // XXX only the timer is used, but the","  // other fields are useful for","  // troubleshooting/debugging","  this.timers[id] = {","    name: name,","    created: now,","    timer: timer","  };","","  this.idle = false;","  return id;","};","","/**","  Clear a timer (clearTimeout).","","  Queued listeners are executed if there are no","  remaining timers","*/","TimerManager.prototype.clear = function(id){","  var timers = this.timers;","  var timer = timers[id];","  if(!timer) {","    return;","  }","  clearTimeout(timer.timer);","  delete timers[id];","  if(!this.idle && (_.size(timers) === 0)){","    while(this.listeners.length){","      this.listeners.pop()();","    }","    this.idle = true;","  }","};","","TimerManager.prototype.clearAll = function(){","  var _this = this;","  _.each(this.timers, function(timer, id){","    _this.clear(id);","  });","};","","/**"," * Returns a promise that resolves when there are no active timers.","*/","TimerManager.prototype.whenIdle = function() {","  var _this = this;","  return new Promise(function(resolve){","    if(_this.idle) {","      resolve();","    } else{","      _this.listeners.unshift(resolve);","    }","  });","};","","module.exports = TimerManager;",""],"l":{"4":1,"5":1,"6":1,"59":1,"60":0,"61":0,"62":0,"75":1,"76":0,"77":0,"78":0,"79":0,"80":0,"81":0,"83":0,"90":0,"96":0,"97":0,"106":1,"107":0,"108":0,"109":0,"110":0,"112":0,"113":0,"114":0,"115":0,"116":0,"118":0,"122":1,"123":0,"124":0,"125":0,"132":1,"133":0,"134":0,"135":0,"136":0,"138":0,"143":1}}}